/!\ FAILSAFE /!\  2011-04-13 10:24:04 +0100
  Status: 500 Internal Server Error
  no such file to load -- sqlite3/sqlite3_native
    C:/Ruby191/lib/ruby/site_ruby/1.9.1/rubygems/custom_require.rb:29:in `require'
    C:/Ruby191/lib/ruby/site_ruby/1.9.1/rubygems/custom_require.rb:29:in `require'
    C:/Ruby191/lib/ruby/gems/1.9.1/gems/activesupport-2.3.8/lib/active_support/dependencies.rb:156:in `block in require'
    C:/Ruby191/lib/ruby/gems/1.9.1/gems/activesupport-2.3.8/lib/active_support/dependencies.rb:521:in `new_constants_in'
    C:/Ruby191/lib/ruby/gems/1.9.1/gems/activesupport-2.3.8/lib/active_support/dependencies.rb:156:in `require'
    C:/Ruby191/lib/ruby/gems/1.9.1/gems/sqlite3-1.3.3-x86-mingw32/lib/sqlite3.rb:6:in `rescue in <top (required)>'
    C:/Ruby191/lib/ruby/gems/1.9.1/gems/sqlite3-1.3.3-x86-mingw32/lib/sqlite3.rb:2:in `<top (required)>'
    C:/Ruby191/lib/ruby/site_ruby/1.9.1/rubygems/custom_require.rb:29:in `require'
    C:/Ruby191/lib/ruby/site_ruby/1.9.1/rubygems/custom_require.rb:29:in `require'
    C:/Ruby191/lib/ruby/gems/1.9.1/gems/activesupport-2.3.8/lib/active_support/dependencies.rb:156:in `block in require'
    C:/Ruby191/lib/ruby/gems/1.9.1/gems/activesupport-2.3.8/lib/active_support/dependencies.rb:521:in `new_constants_in'
    C:/Ruby191/lib/ruby/gems/1.9.1/gems/activesupport-2.3.8/lib/active_support/dependencies.rb:156:in `require'
    C:/Ruby191/lib/ruby/gems/1.9.1/gems/activesupport-2.3.8/lib/active_support/core_ext/kernel/requires.rb:7:in `block in require_library_or_gem'
    C:/Ruby191/lib/ruby/gems/1.9.1/gems/activesupport-2.3.8/lib/active_support/core_ext/kernel/reporting.rb:11:in `silence_warnings'
    C:/Ruby191/lib/ruby/gems/1.9.1/gems/activesupport-2.3.8/lib/active_support/core_ext/kernel/requires.rb:5:in `require_library_or_gem'
    C:/Ruby191/lib/ruby/gems/1.9.1/gems/activerecord-2.3.8/lib/active_record/connection_adapters/sqlite3_adapter.rb:10:in `sqlite3_connection'
    C:/Ruby191/lib/ruby/gems/1.9.1/gems/activerecord-2.3.8/lib/active_record/connection_adapters/abstract/connection_pool.rb:223:in `new_connection'
    C:/Ruby191/lib/ruby/gems/1.9.1/gems/activerecord-2.3.8/lib/active_record/connection_adapters/abstract/connection_pool.rb:245:in `checkout_new_connection'
    C:/Ruby191/lib/ruby/gems/1.9.1/gems/activerecord-2.3.8/lib/active_record/connection_adapters/abstract/connection_pool.rb:188:in `block (2 levels) in checkout'
    C:/Ruby191/lib/ruby/gems/1.9.1/gems/activerecord-2.3.8/lib/active_record/connection_adapters/abstract/connection_pool.rb:184:in `loop'
    C:/Ruby191/lib/ruby/gems/1.9.1/gems/activerecord-2.3.8/lib/active_record/connection_adapters/abstract/connection_pool.rb:184:in `block in checkout'
    C:/Ruby191/lib/ruby/1.9.1/monitor.rb:190:in `mon_synchronize'
    C:/Ruby191/lib/ruby/gems/1.9.1/gems/activerecord-2.3.8/lib/active_record/connection_adapters/abstract/connection_pool.rb:183:in `checkout'
    C:/Ruby191/lib/ruby/gems/1.9.1/gems/activerecord-2.3.8/lib/active_record/connection_adapters/abstract/connection_pool.rb:98:in `connection'
    C:/Ruby191/lib/ruby/gems/1.9.1/gems/activerecord-2.3.8/lib/active_record/connection_adapters/abstract/connection_pool.rb:326:in `retrieve_connection'
    C:/Ruby191/lib/ruby/gems/1.9.1/gems/activerecord-2.3.8/lib/active_record/connection_adapters/abstract/connection_specification.rb:123:in `retrieve_connection'
    C:/Ruby191/lib/ruby/gems/1.9.1/gems/activerecord-2.3.8/lib/active_record/connection_adapters/abstract/connection_specification.rb:115:in `connection'
    C:/Ruby191/lib/ruby/gems/1.9.1/gems/activerecord-2.3.8/lib/active_record/query_cache.rb:9:in `cache'
    C:/Ruby191/lib/ruby/gems/1.9.1/gems/activerecord-2.3.8/lib/active_record/query_cache.rb:28:in `call'
    C:/Ruby191/lib/ruby/gems/1.9.1/gems/activerecord-2.3.8/lib/active_record/connection_adapters/abstract/connection_pool.rb:361:in `call'
    C:/Ruby191/lib/ruby/gems/1.9.1/gems/actionpack-2.3.8/lib/action_controller/string_coercion.rb:25:in `call'
    C:/Ruby191/lib/ruby/gems/1.9.1/gems/rack-1.1.0/lib/rack/head.rb:9:in `call'
    C:/Ruby191/lib/ruby/gems/1.9.1/gems/rack-1.1.0/lib/rack/methodoverride.rb:24:in `call'
    C:/Ruby191/lib/ruby/gems/1.9.1/gems/actionpack-2.3.8/lib/action_controller/params_parser.rb:15:in `call'
    C:/Ruby191/lib/ruby/gems/1.9.1/gems/actionpack-2.3.8/lib/action_controller/session/cookie_store.rb:99:in `call'
    C:/Ruby191/lib/ruby/gems/1.9.1/gems/actionpack-2.3.8/lib/action_controller/failsafe.rb:26:in `call'
    C:/Ruby191/lib/ruby/gems/1.9.1/gems/rack-1.1.0/lib/rack/lock.rb:11:in `block in call'
    <internal:prelude>:8:in `synchronize'
    C:/Ruby191/lib/ruby/gems/1.9.1/gems/rack-1.1.0/lib/rack/lock.rb:11:in `call'
    C:/Ruby191/lib/ruby/gems/1.9.1/gems/actionpack-2.3.8/lib/action_controller/dispatcher.rb:114:in `block in call'
    C:/Ruby191/lib/ruby/gems/1.9.1/gems/actionpack-2.3.8/lib/action_controller/reloader.rb:34:in `run'
    C:/Ruby191/lib/ruby/gems/1.9.1/gems/actionpack-2.3.8/lib/action_controller/dispatcher.rb:108:in `call'
    C:/Ruby191/lib/ruby/gems/1.9.1/gems/rails-2.3.8/lib/rails/rack/static.rb:31:in `call'
    C:/Ruby191/lib/ruby/gems/1.9.1/gems/rack-1.1.0/lib/rack/urlmap.rb:47:in `block in call'
    C:/Ruby191/lib/ruby/gems/1.9.1/gems/rack-1.1.0/lib/rack/urlmap.rb:41:in `each'
    C:/Ruby191/lib/ruby/gems/1.9.1/gems/rack-1.1.0/lib/rack/urlmap.rb:41:in `call'
    C:/Ruby191/lib/ruby/gems/1.9.1/gems/rails-2.3.8/lib/rails/rack/log_tailer.rb:17:in `call'
    C:/Ruby191/lib/ruby/gems/1.9.1/gems/rack-1.1.0/lib/rack/content_length.rb:13:in `call'
    C:/Ruby191/lib/ruby/gems/1.9.1/gems/rack-1.1.0/lib/rack/handler/webrick.rb:48:in `service'
    C:/Ruby191/lib/ruby/1.9.1/webrick/httpserver.rb:111:in `service'
    C:/Ruby191/lib/ruby/1.9.1/webrick/httpserver.rb:70:in `run'
    C:/Ruby191/lib/ruby/1.9.1/webrick/server.rb:183:in `block in start_thread'
/!\ FAILSAFE /!\  2011-04-13 10:24:11 +0100
  Status: 500 Internal Server Error
  no such file to load -- sqlite3/sqlite3_native
    C:/Ruby191/lib/ruby/site_ruby/1.9.1/rubygems/custom_require.rb:29:in `require'
    C:/Ruby191/lib/ruby/site_ruby/1.9.1/rubygems/custom_require.rb:29:in `require'
    C:/Ruby191/lib/ruby/gems/1.9.1/gems/activesupport-2.3.8/lib/active_support/dependencies.rb:156:in `block in require'
    C:/Ruby191/lib/ruby/gems/1.9.1/gems/activesupport-2.3.8/lib/active_support/dependencies.rb:521:in `new_constants_in'
    C:/Ruby191/lib/ruby/gems/1.9.1/gems/activesupport-2.3.8/lib/active_support/dependencies.rb:156:in `require'
    C:/Ruby191/lib/ruby/gems/1.9.1/gems/sqlite3-1.3.3-x86-mingw32/lib/sqlite3.rb:6:in `rescue in <top (required)>'
    C:/Ruby191/lib/ruby/gems/1.9.1/gems/sqlite3-1.3.3-x86-mingw32/lib/sqlite3.rb:2:in `<top (required)>'
    C:/Ruby191/lib/ruby/site_ruby/1.9.1/rubygems/custom_require.rb:29:in `require'
    C:/Ruby191/lib/ruby/site_ruby/1.9.1/rubygems/custom_require.rb:29:in `require'
    C:/Ruby191/lib/ruby/gems/1.9.1/gems/activesupport-2.3.8/lib/active_support/dependencies.rb:156:in `block in require'
    C:/Ruby191/lib/ruby/gems/1.9.1/gems/activesupport-2.3.8/lib/active_support/dependencies.rb:521:in `new_constants_in'
    C:/Ruby191/lib/ruby/gems/1.9.1/gems/activesupport-2.3.8/lib/active_support/dependencies.rb:156:in `require'
    C:/Ruby191/lib/ruby/gems/1.9.1/gems/activesupport-2.3.8/lib/active_support/core_ext/kernel/requires.rb:7:in `block in require_library_or_gem'
    C:/Ruby191/lib/ruby/gems/1.9.1/gems/activesupport-2.3.8/lib/active_support/core_ext/kernel/reporting.rb:11:in `silence_warnings'
    C:/Ruby191/lib/ruby/gems/1.9.1/gems/activesupport-2.3.8/lib/active_support/core_ext/kernel/requires.rb:5:in `require_library_or_gem'
    C:/Ruby191/lib/ruby/gems/1.9.1/gems/activerecord-2.3.8/lib/active_record/connection_adapters/sqlite3_adapter.rb:10:in `sqlite3_connection'
    C:/Ruby191/lib/ruby/gems/1.9.1/gems/activerecord-2.3.8/lib/active_record/connection_adapters/abstract/connection_pool.rb:223:in `new_connection'
    C:/Ruby191/lib/ruby/gems/1.9.1/gems/activerecord-2.3.8/lib/active_record/connection_adapters/abstract/connection_pool.rb:245:in `checkout_new_connection'
    C:/Ruby191/lib/ruby/gems/1.9.1/gems/activerecord-2.3.8/lib/active_record/connection_adapters/abstract/connection_pool.rb:188:in `block (2 levels) in checkout'
    C:/Ruby191/lib/ruby/gems/1.9.1/gems/activerecord-2.3.8/lib/active_record/connection_adapters/abstract/connection_pool.rb:184:in `loop'
    C:/Ruby191/lib/ruby/gems/1.9.1/gems/activerecord-2.3.8/lib/active_record/connection_adapters/abstract/connection_pool.rb:184:in `block in checkout'
    C:/Ruby191/lib/ruby/1.9.1/monitor.rb:190:in `mon_synchronize'
    C:/Ruby191/lib/ruby/gems/1.9.1/gems/activerecord-2.3.8/lib/active_record/connection_adapters/abstract/connection_pool.rb:183:in `checkout'
    C:/Ruby191/lib/ruby/gems/1.9.1/gems/activerecord-2.3.8/lib/active_record/connection_adapters/abstract/connection_pool.rb:98:in `connection'
    C:/Ruby191/lib/ruby/gems/1.9.1/gems/activerecord-2.3.8/lib/active_record/connection_adapters/abstract/connection_pool.rb:326:in `retrieve_connection'
    C:/Ruby191/lib/ruby/gems/1.9.1/gems/activerecord-2.3.8/lib/active_record/connection_adapters/abstract/connection_specification.rb:123:in `retrieve_connection'
    C:/Ruby191/lib/ruby/gems/1.9.1/gems/activerecord-2.3.8/lib/active_record/connection_adapters/abstract/connection_specification.rb:115:in `connection'
    C:/Ruby191/lib/ruby/gems/1.9.1/gems/activerecord-2.3.8/lib/active_record/query_cache.rb:9:in `cache'
    C:/Ruby191/lib/ruby/gems/1.9.1/gems/activerecord-2.3.8/lib/active_record/query_cache.rb:28:in `call'
    C:/Ruby191/lib/ruby/gems/1.9.1/gems/activerecord-2.3.8/lib/active_record/connection_adapters/abstract/connection_pool.rb:361:in `call'
    C:/Ruby191/lib/ruby/gems/1.9.1/gems/actionpack-2.3.8/lib/action_controller/string_coercion.rb:25:in `call'
    C:/Ruby191/lib/ruby/gems/1.9.1/gems/rack-1.1.0/lib/rack/head.rb:9:in `call'
    C:/Ruby191/lib/ruby/gems/1.9.1/gems/rack-1.1.0/lib/rack/methodoverride.rb:24:in `call'
    C:/Ruby191/lib/ruby/gems/1.9.1/gems/actionpack-2.3.8/lib/action_controller/params_parser.rb:15:in `call'
    C:/Ruby191/lib/ruby/gems/1.9.1/gems/actionpack-2.3.8/lib/action_controller/session/cookie_store.rb:99:in `call'
    C:/Ruby191/lib/ruby/gems/1.9.1/gems/actionpack-2.3.8/lib/action_controller/failsafe.rb:26:in `call'
    C:/Ruby191/lib/ruby/gems/1.9.1/gems/rack-1.1.0/lib/rack/lock.rb:11:in `block in call'
    <internal:prelude>:8:in `synchronize'
    C:/Ruby191/lib/ruby/gems/1.9.1/gems/rack-1.1.0/lib/rack/lock.rb:11:in `call'
    C:/Ruby191/lib/ruby/gems/1.9.1/gems/actionpack-2.3.8/lib/action_controller/dispatcher.rb:114:in `block in call'
    C:/Ruby191/lib/ruby/gems/1.9.1/gems/actionpack-2.3.8/lib/action_controller/reloader.rb:34:in `run'
    C:/Ruby191/lib/ruby/gems/1.9.1/gems/actionpack-2.3.8/lib/action_controller/dispatcher.rb:108:in `call'
    C:/Ruby191/lib/ruby/gems/1.9.1/gems/rails-2.3.8/lib/rails/rack/static.rb:31:in `call'
    C:/Ruby191/lib/ruby/gems/1.9.1/gems/rack-1.1.0/lib/rack/urlmap.rb:47:in `block in call'
    C:/Ruby191/lib/ruby/gems/1.9.1/gems/rack-1.1.0/lib/rack/urlmap.rb:41:in `each'
    C:/Ruby191/lib/ruby/gems/1.9.1/gems/rack-1.1.0/lib/rack/urlmap.rb:41:in `call'
    C:/Ruby191/lib/ruby/gems/1.9.1/gems/rails-2.3.8/lib/rails/rack/log_tailer.rb:17:in `call'
    C:/Ruby191/lib/ruby/gems/1.9.1/gems/rack-1.1.0/lib/rack/content_length.rb:13:in `call'
    C:/Ruby191/lib/ruby/gems/1.9.1/gems/rack-1.1.0/lib/rack/handler/webrick.rb:48:in `service'
    C:/Ruby191/lib/ruby/1.9.1/webrick/httpserver.rb:111:in `service'
    C:/Ruby191/lib/ruby/1.9.1/webrick/httpserver.rb:70:in `run'
    C:/Ruby191/lib/ruby/1.9.1/webrick/server.rb:183:in `block in start_thread'
/!\ FAILSAFE /!\  2011-04-13 10:24:15 +0100
  Status: 500 Internal Server Error
  no such file to load -- sqlite3/sqlite3_native
    C:/Ruby191/lib/ruby/site_ruby/1.9.1/rubygems/custom_require.rb:29:in `require'
    C:/Ruby191/lib/ruby/site_ruby/1.9.1/rubygems/custom_require.rb:29:in `require'
    C:/Ruby191/lib/ruby/gems/1.9.1/gems/activesupport-2.3.8/lib/active_support/dependencies.rb:156:in `block in require'
    C:/Ruby191/lib/ruby/gems/1.9.1/gems/activesupport-2.3.8/lib/active_support/dependencies.rb:521:in `new_constants_in'
    C:/Ruby191/lib/ruby/gems/1.9.1/gems/activesupport-2.3.8/lib/active_support/dependencies.rb:156:in `require'
    C:/Ruby191/lib/ruby/gems/1.9.1/gems/sqlite3-1.3.3-x86-mingw32/lib/sqlite3.rb:6:in `rescue in <top (required)>'
    C:/Ruby191/lib/ruby/gems/1.9.1/gems/sqlite3-1.3.3-x86-mingw32/lib/sqlite3.rb:2:in `<top (required)>'
    C:/Ruby191/lib/ruby/site_ruby/1.9.1/rubygems/custom_require.rb:29:in `require'
    C:/Ruby191/lib/ruby/site_ruby/1.9.1/rubygems/custom_require.rb:29:in `require'
    C:/Ruby191/lib/ruby/gems/1.9.1/gems/activesupport-2.3.8/lib/active_support/dependencies.rb:156:in `block in require'
    C:/Ruby191/lib/ruby/gems/1.9.1/gems/activesupport-2.3.8/lib/active_support/dependencies.rb:521:in `new_constants_in'
    C:/Ruby191/lib/ruby/gems/1.9.1/gems/activesupport-2.3.8/lib/active_support/dependencies.rb:156:in `require'
    C:/Ruby191/lib/ruby/gems/1.9.1/gems/activesupport-2.3.8/lib/active_support/core_ext/kernel/requires.rb:7:in `block in require_library_or_gem'
    C:/Ruby191/lib/ruby/gems/1.9.1/gems/activesupport-2.3.8/lib/active_support/core_ext/kernel/reporting.rb:11:in `silence_warnings'
    C:/Ruby191/lib/ruby/gems/1.9.1/gems/activesupport-2.3.8/lib/active_support/core_ext/kernel/requires.rb:5:in `require_library_or_gem'
    C:/Ruby191/lib/ruby/gems/1.9.1/gems/activerecord-2.3.8/lib/active_record/connection_adapters/sqlite3_adapter.rb:10:in `sqlite3_connection'
    C:/Ruby191/lib/ruby/gems/1.9.1/gems/activerecord-2.3.8/lib/active_record/connection_adapters/abstract/connection_pool.rb:223:in `new_connection'
    C:/Ruby191/lib/ruby/gems/1.9.1/gems/activerecord-2.3.8/lib/active_record/connection_adapters/abstract/connection_pool.rb:245:in `checkout_new_connection'
    C:/Ruby191/lib/ruby/gems/1.9.1/gems/activerecord-2.3.8/lib/active_record/connection_adapters/abstract/connection_pool.rb:188:in `block (2 levels) in checkout'
    C:/Ruby191/lib/ruby/gems/1.9.1/gems/activerecord-2.3.8/lib/active_record/connection_adapters/abstract/connection_pool.rb:184:in `loop'
    C:/Ruby191/lib/ruby/gems/1.9.1/gems/activerecord-2.3.8/lib/active_record/connection_adapters/abstract/connection_pool.rb:184:in `block in checkout'
    C:/Ruby191/lib/ruby/1.9.1/monitor.rb:190:in `mon_synchronize'
    C:/Ruby191/lib/ruby/gems/1.9.1/gems/activerecord-2.3.8/lib/active_record/connection_adapters/abstract/connection_pool.rb:183:in `checkout'
    C:/Ruby191/lib/ruby/gems/1.9.1/gems/activerecord-2.3.8/lib/active_record/connection_adapters/abstract/connection_pool.rb:98:in `connection'
    C:/Ruby191/lib/ruby/gems/1.9.1/gems/activerecord-2.3.8/lib/active_record/connection_adapters/abstract/connection_pool.rb:326:in `retrieve_connection'
    C:/Ruby191/lib/ruby/gems/1.9.1/gems/activerecord-2.3.8/lib/active_record/connection_adapters/abstract/connection_specification.rb:123:in `retrieve_connection'
    C:/Ruby191/lib/ruby/gems/1.9.1/gems/activerecord-2.3.8/lib/active_record/connection_adapters/abstract/connection_specification.rb:115:in `connection'
    C:/Ruby191/lib/ruby/gems/1.9.1/gems/activerecord-2.3.8/lib/active_record/query_cache.rb:9:in `cache'
    C:/Ruby191/lib/ruby/gems/1.9.1/gems/activerecord-2.3.8/lib/active_record/query_cache.rb:28:in `call'
    C:/Ruby191/lib/ruby/gems/1.9.1/gems/activerecord-2.3.8/lib/active_record/connection_adapters/abstract/connection_pool.rb:361:in `call'
    C:/Ruby191/lib/ruby/gems/1.9.1/gems/actionpack-2.3.8/lib/action_controller/string_coercion.rb:25:in `call'
    C:/Ruby191/lib/ruby/gems/1.9.1/gems/rack-1.1.0/lib/rack/head.rb:9:in `call'
    C:/Ruby191/lib/ruby/gems/1.9.1/gems/rack-1.1.0/lib/rack/methodoverride.rb:24:in `call'
    C:/Ruby191/lib/ruby/gems/1.9.1/gems/actionpack-2.3.8/lib/action_controller/params_parser.rb:15:in `call'
    C:/Ruby191/lib/ruby/gems/1.9.1/gems/actionpack-2.3.8/lib/action_controller/session/cookie_store.rb:99:in `call'
    C:/Ruby191/lib/ruby/gems/1.9.1/gems/actionpack-2.3.8/lib/action_controller/failsafe.rb:26:in `call'
    C:/Ruby191/lib/ruby/gems/1.9.1/gems/rack-1.1.0/lib/rack/lock.rb:11:in `block in call'
    <internal:prelude>:8:in `synchronize'
    C:/Ruby191/lib/ruby/gems/1.9.1/gems/rack-1.1.0/lib/rack/lock.rb:11:in `call'
    C:/Ruby191/lib/ruby/gems/1.9.1/gems/actionpack-2.3.8/lib/action_controller/dispatcher.rb:114:in `block in call'
    C:/Ruby191/lib/ruby/gems/1.9.1/gems/actionpack-2.3.8/lib/action_controller/reloader.rb:34:in `run'
    C:/Ruby191/lib/ruby/gems/1.9.1/gems/actionpack-2.3.8/lib/action_controller/dispatcher.rb:108:in `call'
    C:/Ruby191/lib/ruby/gems/1.9.1/gems/rails-2.3.8/lib/rails/rack/static.rb:31:in `call'
    C:/Ruby191/lib/ruby/gems/1.9.1/gems/rack-1.1.0/lib/rack/urlmap.rb:47:in `block in call'
    C:/Ruby191/lib/ruby/gems/1.9.1/gems/rack-1.1.0/lib/rack/urlmap.rb:41:in `each'
    C:/Ruby191/lib/ruby/gems/1.9.1/gems/rack-1.1.0/lib/rack/urlmap.rb:41:in `call'
    C:/Ruby191/lib/ruby/gems/1.9.1/gems/rails-2.3.8/lib/rails/rack/log_tailer.rb:17:in `call'
    C:/Ruby191/lib/ruby/gems/1.9.1/gems/rack-1.1.0/lib/rack/content_length.rb:13:in `call'
    C:/Ruby191/lib/ruby/gems/1.9.1/gems/rack-1.1.0/lib/rack/handler/webrick.rb:48:in `service'
    C:/Ruby191/lib/ruby/1.9.1/webrick/httpserver.rb:111:in `service'
    C:/Ruby191/lib/ruby/1.9.1/webrick/httpserver.rb:70:in `run'
    C:/Ruby191/lib/ruby/1.9.1/webrick/server.rb:183:in `block in start_thread'
/!\ FAILSAFE /!\  2011-04-13 10:26:30 +0100
  Status: 500 Internal Server Error
  no such file to load -- sqlite3/sqlite3_native
    C:/Ruby191/lib/ruby/site_ruby/1.9.1/rubygems/custom_require.rb:29:in `require'
    C:/Ruby191/lib/ruby/site_ruby/1.9.1/rubygems/custom_require.rb:29:in `require'
    C:/Ruby191/lib/ruby/gems/1.9.1/gems/activesupport-2.3.8/lib/active_support/dependencies.rb:156:in `block in require'
    C:/Ruby191/lib/ruby/gems/1.9.1/gems/activesupport-2.3.8/lib/active_support/dependencies.rb:521:in `new_constants_in'
    C:/Ruby191/lib/ruby/gems/1.9.1/gems/activesupport-2.3.8/lib/active_support/dependencies.rb:156:in `require'
    C:/Ruby191/lib/ruby/gems/1.9.1/gems/sqlite3-1.3.3-x86-mingw32/lib/sqlite3.rb:6:in `rescue in <top (required)>'
    C:/Ruby191/lib/ruby/gems/1.9.1/gems/sqlite3-1.3.3-x86-mingw32/lib/sqlite3.rb:2:in `<top (required)>'
    C:/Ruby191/lib/ruby/site_ruby/1.9.1/rubygems/custom_require.rb:29:in `require'
    C:/Ruby191/lib/ruby/site_ruby/1.9.1/rubygems/custom_require.rb:29:in `require'
    C:/Ruby191/lib/ruby/gems/1.9.1/gems/activesupport-2.3.8/lib/active_support/dependencies.rb:156:in `block in require'
    C:/Ruby191/lib/ruby/gems/1.9.1/gems/activesupport-2.3.8/lib/active_support/dependencies.rb:521:in `new_constants_in'
    C:/Ruby191/lib/ruby/gems/1.9.1/gems/activesupport-2.3.8/lib/active_support/dependencies.rb:156:in `require'
    C:/Ruby191/lib/ruby/gems/1.9.1/gems/activesupport-2.3.8/lib/active_support/core_ext/kernel/requires.rb:7:in `block in require_library_or_gem'
    C:/Ruby191/lib/ruby/gems/1.9.1/gems/activesupport-2.3.8/lib/active_support/core_ext/kernel/reporting.rb:11:in `silence_warnings'
    C:/Ruby191/lib/ruby/gems/1.9.1/gems/activesupport-2.3.8/lib/active_support/core_ext/kernel/requires.rb:5:in `require_library_or_gem'
    C:/Ruby191/lib/ruby/gems/1.9.1/gems/activerecord-2.3.8/lib/active_record/connection_adapters/sqlite3_adapter.rb:10:in `sqlite3_connection'
    C:/Ruby191/lib/ruby/gems/1.9.1/gems/activerecord-2.3.8/lib/active_record/connection_adapters/abstract/connection_pool.rb:223:in `new_connection'
    C:/Ruby191/lib/ruby/gems/1.9.1/gems/activerecord-2.3.8/lib/active_record/connection_adapters/abstract/connection_pool.rb:245:in `checkout_new_connection'
    C:/Ruby191/lib/ruby/gems/1.9.1/gems/activerecord-2.3.8/lib/active_record/connection_adapters/abstract/connection_pool.rb:188:in `block (2 levels) in checkout'
    C:/Ruby191/lib/ruby/gems/1.9.1/gems/activerecord-2.3.8/lib/active_record/connection_adapters/abstract/connection_pool.rb:184:in `loop'
    C:/Ruby191/lib/ruby/gems/1.9.1/gems/activerecord-2.3.8/lib/active_record/connection_adapters/abstract/connection_pool.rb:184:in `block in checkout'
    C:/Ruby191/lib/ruby/1.9.1/monitor.rb:190:in `mon_synchronize'
    C:/Ruby191/lib/ruby/gems/1.9.1/gems/activerecord-2.3.8/lib/active_record/connection_adapters/abstract/connection_pool.rb:183:in `checkout'
    C:/Ruby191/lib/ruby/gems/1.9.1/gems/activerecord-2.3.8/lib/active_record/connection_adapters/abstract/connection_pool.rb:98:in `connection'
    C:/Ruby191/lib/ruby/gems/1.9.1/gems/activerecord-2.3.8/lib/active_record/connection_adapters/abstract/connection_pool.rb:326:in `retrieve_connection'
    C:/Ruby191/lib/ruby/gems/1.9.1/gems/activerecord-2.3.8/lib/active_record/connection_adapters/abstract/connection_specification.rb:123:in `retrieve_connection'
    C:/Ruby191/lib/ruby/gems/1.9.1/gems/activerecord-2.3.8/lib/active_record/connection_adapters/abstract/connection_specification.rb:115:in `connection'
    C:/Ruby191/lib/ruby/gems/1.9.1/gems/activerecord-2.3.8/lib/active_record/query_cache.rb:9:in `cache'
    C:/Ruby191/lib/ruby/gems/1.9.1/gems/activerecord-2.3.8/lib/active_record/query_cache.rb:28:in `call'
    C:/Ruby191/lib/ruby/gems/1.9.1/gems/activerecord-2.3.8/lib/active_record/connection_adapters/abstract/connection_pool.rb:361:in `call'
    C:/Ruby191/lib/ruby/gems/1.9.1/gems/actionpack-2.3.8/lib/action_controller/string_coercion.rb:25:in `call'
    C:/Ruby191/lib/ruby/gems/1.9.1/gems/rack-1.1.0/lib/rack/head.rb:9:in `call'
    C:/Ruby191/lib/ruby/gems/1.9.1/gems/rack-1.1.0/lib/rack/methodoverride.rb:24:in `call'
    C:/Ruby191/lib/ruby/gems/1.9.1/gems/actionpack-2.3.8/lib/action_controller/params_parser.rb:15:in `call'
    C:/Ruby191/lib/ruby/gems/1.9.1/gems/actionpack-2.3.8/lib/action_controller/session/cookie_store.rb:99:in `call'
    C:/Ruby191/lib/ruby/gems/1.9.1/gems/actionpack-2.3.8/lib/action_controller/failsafe.rb:26:in `call'
    C:/Ruby191/lib/ruby/gems/1.9.1/gems/rack-1.1.0/lib/rack/lock.rb:11:in `block in call'
    <internal:prelude>:8:in `synchronize'
    C:/Ruby191/lib/ruby/gems/1.9.1/gems/rack-1.1.0/lib/rack/lock.rb:11:in `call'
    C:/Ruby191/lib/ruby/gems/1.9.1/gems/actionpack-2.3.8/lib/action_controller/dispatcher.rb:114:in `block in call'
    C:/Ruby191/lib/ruby/gems/1.9.1/gems/actionpack-2.3.8/lib/action_controller/reloader.rb:34:in `run'
    C:/Ruby191/lib/ruby/gems/1.9.1/gems/actionpack-2.3.8/lib/action_controller/dispatcher.rb:108:in `call'
    C:/Ruby191/lib/ruby/gems/1.9.1/gems/rails-2.3.8/lib/rails/rack/static.rb:31:in `call'
    C:/Ruby191/lib/ruby/gems/1.9.1/gems/rack-1.1.0/lib/rack/urlmap.rb:47:in `block in call'
    C:/Ruby191/lib/ruby/gems/1.9.1/gems/rack-1.1.0/lib/rack/urlmap.rb:41:in `each'
    C:/Ruby191/lib/ruby/gems/1.9.1/gems/rack-1.1.0/lib/rack/urlmap.rb:41:in `call'
    C:/Ruby191/lib/ruby/gems/1.9.1/gems/rails-2.3.8/lib/rails/rack/log_tailer.rb:17:in `call'
    C:/Ruby191/lib/ruby/gems/1.9.1/gems/rack-1.1.0/lib/rack/content_length.rb:13:in `call'
    C:/Ruby191/lib/ruby/gems/1.9.1/gems/rack-1.1.0/lib/rack/handler/webrick.rb:48:in `service'
    C:/Ruby191/lib/ruby/1.9.1/webrick/httpserver.rb:111:in `service'
    C:/Ruby191/lib/ruby/1.9.1/webrick/httpserver.rb:70:in `run'
    C:/Ruby191/lib/ruby/1.9.1/webrick/server.rb:183:in `block in start_thread'
/!\ FAILSAFE /!\  2011-04-20 14:47:02 +0100
  Status: 500 Internal Server Error
  no such file to load -- sqlite3/sqlite3_native
    C:/Ruby191/lib/ruby/site_ruby/1.9.1/rubygems/custom_require.rb:29:in `require'
    C:/Ruby191/lib/ruby/site_ruby/1.9.1/rubygems/custom_require.rb:29:in `require'
    C:/Ruby191/lib/ruby/gems/1.9.1/gems/activesupport-2.3.8/lib/active_support/dependencies.rb:156:in `block in require'
    C:/Ruby191/lib/ruby/gems/1.9.1/gems/activesupport-2.3.8/lib/active_support/dependencies.rb:521:in `new_constants_in'
    C:/Ruby191/lib/ruby/gems/1.9.1/gems/activesupport-2.3.8/lib/active_support/dependencies.rb:156:in `require'
    C:/Ruby191/lib/ruby/gems/1.9.1/gems/sqlite3-1.3.3-x86-mingw32/lib/sqlite3.rb:6:in `rescue in <top (required)>'
    C:/Ruby191/lib/ruby/gems/1.9.1/gems/sqlite3-1.3.3-x86-mingw32/lib/sqlite3.rb:2:in `<top (required)>'
    C:/Ruby191/lib/ruby/site_ruby/1.9.1/rubygems/custom_require.rb:29:in `require'
    C:/Ruby191/lib/ruby/site_ruby/1.9.1/rubygems/custom_require.rb:29:in `require'
    C:/Ruby191/lib/ruby/gems/1.9.1/gems/activesupport-2.3.8/lib/active_support/dependencies.rb:156:in `block in require'
    C:/Ruby191/lib/ruby/gems/1.9.1/gems/activesupport-2.3.8/lib/active_support/dependencies.rb:521:in `new_constants_in'
    C:/Ruby191/lib/ruby/gems/1.9.1/gems/activesupport-2.3.8/lib/active_support/dependencies.rb:156:in `require'
    C:/Ruby191/lib/ruby/gems/1.9.1/gems/activesupport-2.3.8/lib/active_support/core_ext/kernel/requires.rb:7:in `block in require_library_or_gem'
    C:/Ruby191/lib/ruby/gems/1.9.1/gems/activesupport-2.3.8/lib/active_support/core_ext/kernel/reporting.rb:11:in `silence_warnings'
    C:/Ruby191/lib/ruby/gems/1.9.1/gems/activesupport-2.3.8/lib/active_support/core_ext/kernel/requires.rb:5:in `require_library_or_gem'
    C:/Ruby191/lib/ruby/gems/1.9.1/gems/activerecord-2.3.8/lib/active_record/connection_adapters/sqlite3_adapter.rb:10:in `sqlite3_connection'
    C:/Ruby191/lib/ruby/gems/1.9.1/gems/activerecord-2.3.8/lib/active_record/connection_adapters/abstract/connection_pool.rb:223:in `new_connection'
    C:/Ruby191/lib/ruby/gems/1.9.1/gems/activerecord-2.3.8/lib/active_record/connection_adapters/abstract/connection_pool.rb:245:in `checkout_new_connection'
    C:/Ruby191/lib/ruby/gems/1.9.1/gems/activerecord-2.3.8/lib/active_record/connection_adapters/abstract/connection_pool.rb:188:in `block (2 levels) in checkout'
    C:/Ruby191/lib/ruby/gems/1.9.1/gems/activerecord-2.3.8/lib/active_record/connection_adapters/abstract/connection_pool.rb:184:in `loop'
    C:/Ruby191/lib/ruby/gems/1.9.1/gems/activerecord-2.3.8/lib/active_record/connection_adapters/abstract/connection_pool.rb:184:in `block in checkout'
    C:/Ruby191/lib/ruby/1.9.1/monitor.rb:190:in `mon_synchronize'
    C:/Ruby191/lib/ruby/gems/1.9.1/gems/activerecord-2.3.8/lib/active_record/connection_adapters/abstract/connection_pool.rb:183:in `checkout'
    C:/Ruby191/lib/ruby/gems/1.9.1/gems/activerecord-2.3.8/lib/active_record/connection_adapters/abstract/connection_pool.rb:98:in `connection'
    C:/Ruby191/lib/ruby/gems/1.9.1/gems/activerecord-2.3.8/lib/active_record/connection_adapters/abstract/connection_pool.rb:326:in `retrieve_connection'
    C:/Ruby191/lib/ruby/gems/1.9.1/gems/activerecord-2.3.8/lib/active_record/connection_adapters/abstract/connection_specification.rb:123:in `retrieve_connection'
    C:/Ruby191/lib/ruby/gems/1.9.1/gems/activerecord-2.3.8/lib/active_record/connection_adapters/abstract/connection_specification.rb:115:in `connection'
    C:/Ruby191/lib/ruby/gems/1.9.1/gems/activerecord-2.3.8/lib/active_record/query_cache.rb:9:in `cache'
    C:/Ruby191/lib/ruby/gems/1.9.1/gems/activerecord-2.3.8/lib/active_record/query_cache.rb:28:in `call'
    C:/Ruby191/lib/ruby/gems/1.9.1/gems/activerecord-2.3.8/lib/active_record/connection_adapters/abstract/connection_pool.rb:361:in `call'
    C:/Ruby191/lib/ruby/gems/1.9.1/gems/actionpack-2.3.8/lib/action_controller/string_coercion.rb:25:in `call'
    C:/Ruby191/lib/ruby/gems/1.9.1/gems/rack-1.1.0/lib/rack/head.rb:9:in `call'
    C:/Ruby191/lib/ruby/gems/1.9.1/gems/rack-1.1.0/lib/rack/methodoverride.rb:24:in `call'
    C:/Ruby191/lib/ruby/gems/1.9.1/gems/actionpack-2.3.8/lib/action_controller/params_parser.rb:15:in `call'
    C:/Ruby191/lib/ruby/gems/1.9.1/gems/actionpack-2.3.8/lib/action_controller/session/cookie_store.rb:99:in `call'
    C:/Ruby191/lib/ruby/gems/1.9.1/gems/actionpack-2.3.8/lib/action_controller/failsafe.rb:26:in `call'
    C:/Ruby191/lib/ruby/gems/1.9.1/gems/rack-1.1.0/lib/rack/lock.rb:11:in `block in call'
    <internal:prelude>:8:in `synchronize'
    C:/Ruby191/lib/ruby/gems/1.9.1/gems/rack-1.1.0/lib/rack/lock.rb:11:in `call'
    C:/Ruby191/lib/ruby/gems/1.9.1/gems/actionpack-2.3.8/lib/action_controller/dispatcher.rb:114:in `block in call'
    C:/Ruby191/lib/ruby/gems/1.9.1/gems/actionpack-2.3.8/lib/action_controller/reloader.rb:34:in `run'
    C:/Ruby191/lib/ruby/gems/1.9.1/gems/actionpack-2.3.8/lib/action_controller/dispatcher.rb:108:in `call'
    C:/Ruby191/lib/ruby/gems/1.9.1/gems/rails-2.3.8/lib/rails/rack/static.rb:31:in `call'
    C:/Ruby191/lib/ruby/gems/1.9.1/gems/rack-1.1.0/lib/rack/urlmap.rb:47:in `block in call'
    C:/Ruby191/lib/ruby/gems/1.9.1/gems/rack-1.1.0/lib/rack/urlmap.rb:41:in `each'
    C:/Ruby191/lib/ruby/gems/1.9.1/gems/rack-1.1.0/lib/rack/urlmap.rb:41:in `call'
    C:/Ruby191/lib/ruby/gems/1.9.1/gems/rails-2.3.8/lib/rails/rack/log_tailer.rb:17:in `call'
    C:/Ruby191/lib/ruby/gems/1.9.1/gems/rack-1.1.0/lib/rack/content_length.rb:13:in `call'
    C:/Ruby191/lib/ruby/gems/1.9.1/gems/rack-1.1.0/lib/rack/handler/webrick.rb:48:in `service'
    C:/Ruby191/lib/ruby/1.9.1/webrick/httpserver.rb:111:in `service'
    C:/Ruby191/lib/ruby/1.9.1/webrick/httpserver.rb:70:in `run'
    C:/Ruby191/lib/ruby/1.9.1/webrick/server.rb:183:in `block in start_thread'
/!\ FAILSAFE /!\  2011-04-20 14:47:25 +0100
  Status: 500 Internal Server Error
  no such file to load -- sqlite3/sqlite3_native
    C:/Ruby191/lib/ruby/site_ruby/1.9.1/rubygems/custom_require.rb:29:in `require'
    C:/Ruby191/lib/ruby/site_ruby/1.9.1/rubygems/custom_require.rb:29:in `require'
    C:/Ruby191/lib/ruby/gems/1.9.1/gems/activesupport-2.3.8/lib/active_support/dependencies.rb:156:in `block in require'
    C:/Ruby191/lib/ruby/gems/1.9.1/gems/activesupport-2.3.8/lib/active_support/dependencies.rb:521:in `new_constants_in'
    C:/Ruby191/lib/ruby/gems/1.9.1/gems/activesupport-2.3.8/lib/active_support/dependencies.rb:156:in `require'
    C:/Ruby191/lib/ruby/gems/1.9.1/gems/sqlite3-1.3.3-x86-mingw32/lib/sqlite3.rb:6:in `rescue in <top (required)>'
    C:/Ruby191/lib/ruby/gems/1.9.1/gems/sqlite3-1.3.3-x86-mingw32/lib/sqlite3.rb:2:in `<top (required)>'
    C:/Ruby191/lib/ruby/site_ruby/1.9.1/rubygems/custom_require.rb:29:in `require'
    C:/Ruby191/lib/ruby/site_ruby/1.9.1/rubygems/custom_require.rb:29:in `require'
    C:/Ruby191/lib/ruby/gems/1.9.1/gems/activesupport-2.3.8/lib/active_support/dependencies.rb:156:in `block in require'
    C:/Ruby191/lib/ruby/gems/1.9.1/gems/activesupport-2.3.8/lib/active_support/dependencies.rb:521:in `new_constants_in'
    C:/Ruby191/lib/ruby/gems/1.9.1/gems/activesupport-2.3.8/lib/active_support/dependencies.rb:156:in `require'
    C:/Ruby191/lib/ruby/gems/1.9.1/gems/activesupport-2.3.8/lib/active_support/core_ext/kernel/requires.rb:7:in `block in require_library_or_gem'
    C:/Ruby191/lib/ruby/gems/1.9.1/gems/activesupport-2.3.8/lib/active_support/core_ext/kernel/reporting.rb:11:in `silence_warnings'
    C:/Ruby191/lib/ruby/gems/1.9.1/gems/activesupport-2.3.8/lib/active_support/core_ext/kernel/requires.rb:5:in `require_library_or_gem'
    C:/Ruby191/lib/ruby/gems/1.9.1/gems/activerecord-2.3.8/lib/active_record/connection_adapters/sqlite3_adapter.rb:10:in `sqlite3_connection'
    C:/Ruby191/lib/ruby/gems/1.9.1/gems/activerecord-2.3.8/lib/active_record/connection_adapters/abstract/connection_pool.rb:223:in `new_connection'
    C:/Ruby191/lib/ruby/gems/1.9.1/gems/activerecord-2.3.8/lib/active_record/connection_adapters/abstract/connection_pool.rb:245:in `checkout_new_connection'
    C:/Ruby191/lib/ruby/gems/1.9.1/gems/activerecord-2.3.8/lib/active_record/connection_adapters/abstract/connection_pool.rb:188:in `block (2 levels) in checkout'
    C:/Ruby191/lib/ruby/gems/1.9.1/gems/activerecord-2.3.8/lib/active_record/connection_adapters/abstract/connection_pool.rb:184:in `loop'
    C:/Ruby191/lib/ruby/gems/1.9.1/gems/activerecord-2.3.8/lib/active_record/connection_adapters/abstract/connection_pool.rb:184:in `block in checkout'
    C:/Ruby191/lib/ruby/1.9.1/monitor.rb:190:in `mon_synchronize'
    C:/Ruby191/lib/ruby/gems/1.9.1/gems/activerecord-2.3.8/lib/active_record/connection_adapters/abstract/connection_pool.rb:183:in `checkout'
    C:/Ruby191/lib/ruby/gems/1.9.1/gems/activerecord-2.3.8/lib/active_record/connection_adapters/abstract/connection_pool.rb:98:in `connection'
    C:/Ruby191/lib/ruby/gems/1.9.1/gems/activerecord-2.3.8/lib/active_record/connection_adapters/abstract/connection_pool.rb:326:in `retrieve_connection'
    C:/Ruby191/lib/ruby/gems/1.9.1/gems/activerecord-2.3.8/lib/active_record/connection_adapters/abstract/connection_specification.rb:123:in `retrieve_connection'
    C:/Ruby191/lib/ruby/gems/1.9.1/gems/activerecord-2.3.8/lib/active_record/connection_adapters/abstract/connection_specification.rb:115:in `connection'
    C:/Ruby191/lib/ruby/gems/1.9.1/gems/activerecord-2.3.8/lib/active_record/query_cache.rb:9:in `cache'
    C:/Ruby191/lib/ruby/gems/1.9.1/gems/activerecord-2.3.8/lib/active_record/query_cache.rb:28:in `call'
    C:/Ruby191/lib/ruby/gems/1.9.1/gems/activerecord-2.3.8/lib/active_record/connection_adapters/abstract/connection_pool.rb:361:in `call'
    C:/Ruby191/lib/ruby/gems/1.9.1/gems/actionpack-2.3.8/lib/action_controller/string_coercion.rb:25:in `call'
    C:/Ruby191/lib/ruby/gems/1.9.1/gems/rack-1.1.0/lib/rack/head.rb:9:in `call'
    C:/Ruby191/lib/ruby/gems/1.9.1/gems/rack-1.1.0/lib/rack/methodoverride.rb:24:in `call'
    C:/Ruby191/lib/ruby/gems/1.9.1/gems/actionpack-2.3.8/lib/action_controller/params_parser.rb:15:in `call'
    C:/Ruby191/lib/ruby/gems/1.9.1/gems/actionpack-2.3.8/lib/action_controller/session/cookie_store.rb:99:in `call'
    C:/Ruby191/lib/ruby/gems/1.9.1/gems/actionpack-2.3.8/lib/action_controller/failsafe.rb:26:in `call'
    C:/Ruby191/lib/ruby/gems/1.9.1/gems/rack-1.1.0/lib/rack/lock.rb:11:in `block in call'
    <internal:prelude>:8:in `synchronize'
    C:/Ruby191/lib/ruby/gems/1.9.1/gems/rack-1.1.0/lib/rack/lock.rb:11:in `call'
    C:/Ruby191/lib/ruby/gems/1.9.1/gems/actionpack-2.3.8/lib/action_controller/dispatcher.rb:114:in `block in call'
    C:/Ruby191/lib/ruby/gems/1.9.1/gems/actionpack-2.3.8/lib/action_controller/reloader.rb:34:in `run'
    C:/Ruby191/lib/ruby/gems/1.9.1/gems/actionpack-2.3.8/lib/action_controller/dispatcher.rb:108:in `call'
    C:/Ruby191/lib/ruby/gems/1.9.1/gems/rails-2.3.8/lib/rails/rack/static.rb:31:in `call'
    C:/Ruby191/lib/ruby/gems/1.9.1/gems/rack-1.1.0/lib/rack/urlmap.rb:47:in `block in call'
    C:/Ruby191/lib/ruby/gems/1.9.1/gems/rack-1.1.0/lib/rack/urlmap.rb:41:in `each'
    C:/Ruby191/lib/ruby/gems/1.9.1/gems/rack-1.1.0/lib/rack/urlmap.rb:41:in `call'
    C:/Ruby191/lib/ruby/gems/1.9.1/gems/rails-2.3.8/lib/rails/rack/log_tailer.rb:17:in `call'
    C:/Ruby191/lib/ruby/gems/1.9.1/gems/rack-1.1.0/lib/rack/content_length.rb:13:in `call'
    C:/Ruby191/lib/ruby/gems/1.9.1/gems/rack-1.1.0/lib/rack/handler/webrick.rb:48:in `service'
    C:/Ruby191/lib/ruby/1.9.1/webrick/httpserver.rb:111:in `service'
    C:/Ruby191/lib/ruby/1.9.1/webrick/httpserver.rb:70:in `run'
    C:/Ruby191/lib/ruby/1.9.1/webrick/server.rb:183:in `block in start_thread'
/!\ FAILSAFE /!\  2011-04-20 14:47:37 +0100
  Status: 500 Internal Server Error
  no such file to load -- sqlite3/sqlite3_native
    C:/Ruby191/lib/ruby/site_ruby/1.9.1/rubygems/custom_require.rb:29:in `require'
    C:/Ruby191/lib/ruby/site_ruby/1.9.1/rubygems/custom_require.rb:29:in `require'
    C:/Ruby191/lib/ruby/gems/1.9.1/gems/activesupport-2.3.8/lib/active_support/dependencies.rb:156:in `block in require'
    C:/Ruby191/lib/ruby/gems/1.9.1/gems/activesupport-2.3.8/lib/active_support/dependencies.rb:521:in `new_constants_in'
    C:/Ruby191/lib/ruby/gems/1.9.1/gems/activesupport-2.3.8/lib/active_support/dependencies.rb:156:in `require'
    C:/Ruby191/lib/ruby/gems/1.9.1/gems/sqlite3-1.3.3-x86-mingw32/lib/sqlite3.rb:6:in `rescue in <top (required)>'
    C:/Ruby191/lib/ruby/gems/1.9.1/gems/sqlite3-1.3.3-x86-mingw32/lib/sqlite3.rb:2:in `<top (required)>'
    C:/Ruby191/lib/ruby/site_ruby/1.9.1/rubygems/custom_require.rb:29:in `require'
    C:/Ruby191/lib/ruby/site_ruby/1.9.1/rubygems/custom_require.rb:29:in `require'
    C:/Ruby191/lib/ruby/gems/1.9.1/gems/activesupport-2.3.8/lib/active_support/dependencies.rb:156:in `block in require'
    C:/Ruby191/lib/ruby/gems/1.9.1/gems/activesupport-2.3.8/lib/active_support/dependencies.rb:521:in `new_constants_in'
    C:/Ruby191/lib/ruby/gems/1.9.1/gems/activesupport-2.3.8/lib/active_support/dependencies.rb:156:in `require'
    C:/Ruby191/lib/ruby/gems/1.9.1/gems/activesupport-2.3.8/lib/active_support/core_ext/kernel/requires.rb:7:in `block in require_library_or_gem'
    C:/Ruby191/lib/ruby/gems/1.9.1/gems/activesupport-2.3.8/lib/active_support/core_ext/kernel/reporting.rb:11:in `silence_warnings'
    C:/Ruby191/lib/ruby/gems/1.9.1/gems/activesupport-2.3.8/lib/active_support/core_ext/kernel/requires.rb:5:in `require_library_or_gem'
    C:/Ruby191/lib/ruby/gems/1.9.1/gems/activerecord-2.3.8/lib/active_record/connection_adapters/sqlite3_adapter.rb:10:in `sqlite3_connection'
    C:/Ruby191/lib/ruby/gems/1.9.1/gems/activerecord-2.3.8/lib/active_record/connection_adapters/abstract/connection_pool.rb:223:in `new_connection'
    C:/Ruby191/lib/ruby/gems/1.9.1/gems/activerecord-2.3.8/lib/active_record/connection_adapters/abstract/connection_pool.rb:245:in `checkout_new_connection'
    C:/Ruby191/lib/ruby/gems/1.9.1/gems/activerecord-2.3.8/lib/active_record/connection_adapters/abstract/connection_pool.rb:188:in `block (2 levels) in checkout'
    C:/Ruby191/lib/ruby/gems/1.9.1/gems/activerecord-2.3.8/lib/active_record/connection_adapters/abstract/connection_pool.rb:184:in `loop'
    C:/Ruby191/lib/ruby/gems/1.9.1/gems/activerecord-2.3.8/lib/active_record/connection_adapters/abstract/connection_pool.rb:184:in `block in checkout'
    C:/Ruby191/lib/ruby/1.9.1/monitor.rb:190:in `mon_synchronize'
    C:/Ruby191/lib/ruby/gems/1.9.1/gems/activerecord-2.3.8/lib/active_record/connection_adapters/abstract/connection_pool.rb:183:in `checkout'
    C:/Ruby191/lib/ruby/gems/1.9.1/gems/activerecord-2.3.8/lib/active_record/connection_adapters/abstract/connection_pool.rb:98:in `connection'
    C:/Ruby191/lib/ruby/gems/1.9.1/gems/activerecord-2.3.8/lib/active_record/connection_adapters/abstract/connection_pool.rb:326:in `retrieve_connection'
    C:/Ruby191/lib/ruby/gems/1.9.1/gems/activerecord-2.3.8/lib/active_record/connection_adapters/abstract/connection_specification.rb:123:in `retrieve_connection'
    C:/Ruby191/lib/ruby/gems/1.9.1/gems/activerecord-2.3.8/lib/active_record/connection_adapters/abstract/connection_specification.rb:115:in `connection'
    C:/Ruby191/lib/ruby/gems/1.9.1/gems/activerecord-2.3.8/lib/active_record/query_cache.rb:9:in `cache'
    C:/Ruby191/lib/ruby/gems/1.9.1/gems/activerecord-2.3.8/lib/active_record/query_cache.rb:28:in `call'
    C:/Ruby191/lib/ruby/gems/1.9.1/gems/activerecord-2.3.8/lib/active_record/connection_adapters/abstract/connection_pool.rb:361:in `call'
    C:/Ruby191/lib/ruby/gems/1.9.1/gems/actionpack-2.3.8/lib/action_controller/string_coercion.rb:25:in `call'
    C:/Ruby191/lib/ruby/gems/1.9.1/gems/rack-1.1.0/lib/rack/head.rb:9:in `call'
    C:/Ruby191/lib/ruby/gems/1.9.1/gems/rack-1.1.0/lib/rack/methodoverride.rb:24:in `call'
    C:/Ruby191/lib/ruby/gems/1.9.1/gems/actionpack-2.3.8/lib/action_controller/params_parser.rb:15:in `call'
    C:/Ruby191/lib/ruby/gems/1.9.1/gems/actionpack-2.3.8/lib/action_controller/session/cookie_store.rb:99:in `call'
    C:/Ruby191/lib/ruby/gems/1.9.1/gems/actionpack-2.3.8/lib/action_controller/failsafe.rb:26:in `call'
    C:/Ruby191/lib/ruby/gems/1.9.1/gems/rack-1.1.0/lib/rack/lock.rb:11:in `block in call'
    <internal:prelude>:8:in `synchronize'
    C:/Ruby191/lib/ruby/gems/1.9.1/gems/rack-1.1.0/lib/rack/lock.rb:11:in `call'
    C:/Ruby191/lib/ruby/gems/1.9.1/gems/actionpack-2.3.8/lib/action_controller/dispatcher.rb:114:in `block in call'
    C:/Ruby191/lib/ruby/gems/1.9.1/gems/actionpack-2.3.8/lib/action_controller/reloader.rb:34:in `run'
    C:/Ruby191/lib/ruby/gems/1.9.1/gems/actionpack-2.3.8/lib/action_controller/dispatcher.rb:108:in `call'
    C:/Ruby191/lib/ruby/gems/1.9.1/gems/rails-2.3.8/lib/rails/rack/static.rb:31:in `call'
    C:/Ruby191/lib/ruby/gems/1.9.1/gems/rack-1.1.0/lib/rack/urlmap.rb:47:in `block in call'
    C:/Ruby191/lib/ruby/gems/1.9.1/gems/rack-1.1.0/lib/rack/urlmap.rb:41:in `each'
    C:/Ruby191/lib/ruby/gems/1.9.1/gems/rack-1.1.0/lib/rack/urlmap.rb:41:in `call'
    C:/Ruby191/lib/ruby/gems/1.9.1/gems/rails-2.3.8/lib/rails/rack/log_tailer.rb:17:in `call'
    C:/Ruby191/lib/ruby/gems/1.9.1/gems/rack-1.1.0/lib/rack/content_length.rb:13:in `call'
    C:/Ruby191/lib/ruby/gems/1.9.1/gems/rack-1.1.0/lib/rack/handler/webrick.rb:48:in `service'
    C:/Ruby191/lib/ruby/1.9.1/webrick/httpserver.rb:111:in `service'
    C:/Ruby191/lib/ruby/1.9.1/webrick/httpserver.rb:70:in `run'
    C:/Ruby191/lib/ruby/1.9.1/webrick/server.rb:183:in `block in start_thread'
/!\ FAILSAFE /!\  2011-04-20 14:47:41 +0100
  Status: 500 Internal Server Error
  no such file to load -- sqlite3/sqlite3_native
    C:/Ruby191/lib/ruby/site_ruby/1.9.1/rubygems/custom_require.rb:29:in `require'
    C:/Ruby191/lib/ruby/site_ruby/1.9.1/rubygems/custom_require.rb:29:in `require'
    C:/Ruby191/lib/ruby/gems/1.9.1/gems/activesupport-2.3.8/lib/active_support/dependencies.rb:156:in `block in require'
    C:/Ruby191/lib/ruby/gems/1.9.1/gems/activesupport-2.3.8/lib/active_support/dependencies.rb:521:in `new_constants_in'
    C:/Ruby191/lib/ruby/gems/1.9.1/gems/activesupport-2.3.8/lib/active_support/dependencies.rb:156:in `require'
    C:/Ruby191/lib/ruby/gems/1.9.1/gems/sqlite3-1.3.3-x86-mingw32/lib/sqlite3.rb:6:in `rescue in <top (required)>'
    C:/Ruby191/lib/ruby/gems/1.9.1/gems/sqlite3-1.3.3-x86-mingw32/lib/sqlite3.rb:2:in `<top (required)>'
    C:/Ruby191/lib/ruby/site_ruby/1.9.1/rubygems/custom_require.rb:29:in `require'
    C:/Ruby191/lib/ruby/site_ruby/1.9.1/rubygems/custom_require.rb:29:in `require'
    C:/Ruby191/lib/ruby/gems/1.9.1/gems/activesupport-2.3.8/lib/active_support/dependencies.rb:156:in `block in require'
    C:/Ruby191/lib/ruby/gems/1.9.1/gems/activesupport-2.3.8/lib/active_support/dependencies.rb:521:in `new_constants_in'
    C:/Ruby191/lib/ruby/gems/1.9.1/gems/activesupport-2.3.8/lib/active_support/dependencies.rb:156:in `require'
    C:/Ruby191/lib/ruby/gems/1.9.1/gems/activesupport-2.3.8/lib/active_support/core_ext/kernel/requires.rb:7:in `block in require_library_or_gem'
    C:/Ruby191/lib/ruby/gems/1.9.1/gems/activesupport-2.3.8/lib/active_support/core_ext/kernel/reporting.rb:11:in `silence_warnings'
    C:/Ruby191/lib/ruby/gems/1.9.1/gems/activesupport-2.3.8/lib/active_support/core_ext/kernel/requires.rb:5:in `require_library_or_gem'
    C:/Ruby191/lib/ruby/gems/1.9.1/gems/activerecord-2.3.8/lib/active_record/connection_adapters/sqlite3_adapter.rb:10:in `sqlite3_connection'
    C:/Ruby191/lib/ruby/gems/1.9.1/gems/activerecord-2.3.8/lib/active_record/connection_adapters/abstract/connection_pool.rb:223:in `new_connection'
    C:/Ruby191/lib/ruby/gems/1.9.1/gems/activerecord-2.3.8/lib/active_record/connection_adapters/abstract/connection_pool.rb:245:in `checkout_new_connection'
    C:/Ruby191/lib/ruby/gems/1.9.1/gems/activerecord-2.3.8/lib/active_record/connection_adapters/abstract/connection_pool.rb:188:in `block (2 levels) in checkout'
    C:/Ruby191/lib/ruby/gems/1.9.1/gems/activerecord-2.3.8/lib/active_record/connection_adapters/abstract/connection_pool.rb:184:in `loop'
    C:/Ruby191/lib/ruby/gems/1.9.1/gems/activerecord-2.3.8/lib/active_record/connection_adapters/abstract/connection_pool.rb:184:in `block in checkout'
    C:/Ruby191/lib/ruby/1.9.1/monitor.rb:190:in `mon_synchronize'
    C:/Ruby191/lib/ruby/gems/1.9.1/gems/activerecord-2.3.8/lib/active_record/connection_adapters/abstract/connection_pool.rb:183:in `checkout'
    C:/Ruby191/lib/ruby/gems/1.9.1/gems/activerecord-2.3.8/lib/active_record/connection_adapters/abstract/connection_pool.rb:98:in `connection'
    C:/Ruby191/lib/ruby/gems/1.9.1/gems/activerecord-2.3.8/lib/active_record/connection_adapters/abstract/connection_pool.rb:326:in `retrieve_connection'
    C:/Ruby191/lib/ruby/gems/1.9.1/gems/activerecord-2.3.8/lib/active_record/connection_adapters/abstract/connection_specification.rb:123:in `retrieve_connection'
    C:/Ruby191/lib/ruby/gems/1.9.1/gems/activerecord-2.3.8/lib/active_record/connection_adapters/abstract/connection_specification.rb:115:in `connection'
    C:/Ruby191/lib/ruby/gems/1.9.1/gems/activerecord-2.3.8/lib/active_record/query_cache.rb:9:in `cache'
    C:/Ruby191/lib/ruby/gems/1.9.1/gems/activerecord-2.3.8/lib/active_record/query_cache.rb:28:in `call'
    C:/Ruby191/lib/ruby/gems/1.9.1/gems/activerecord-2.3.8/lib/active_record/connection_adapters/abstract/connection_pool.rb:361:in `call'
    C:/Ruby191/lib/ruby/gems/1.9.1/gems/actionpack-2.3.8/lib/action_controller/string_coercion.rb:25:in `call'
    C:/Ruby191/lib/ruby/gems/1.9.1/gems/rack-1.1.0/lib/rack/head.rb:9:in `call'
    C:/Ruby191/lib/ruby/gems/1.9.1/gems/rack-1.1.0/lib/rack/methodoverride.rb:24:in `call'
    C:/Ruby191/lib/ruby/gems/1.9.1/gems/actionpack-2.3.8/lib/action_controller/params_parser.rb:15:in `call'
    C:/Ruby191/lib/ruby/gems/1.9.1/gems/actionpack-2.3.8/lib/action_controller/session/cookie_store.rb:99:in `call'
    C:/Ruby191/lib/ruby/gems/1.9.1/gems/actionpack-2.3.8/lib/action_controller/failsafe.rb:26:in `call'
    C:/Ruby191/lib/ruby/gems/1.9.1/gems/rack-1.1.0/lib/rack/lock.rb:11:in `block in call'
    <internal:prelude>:8:in `synchronize'
    C:/Ruby191/lib/ruby/gems/1.9.1/gems/rack-1.1.0/lib/rack/lock.rb:11:in `call'
    C:/Ruby191/lib/ruby/gems/1.9.1/gems/actionpack-2.3.8/lib/action_controller/dispatcher.rb:114:in `block in call'
    C:/Ruby191/lib/ruby/gems/1.9.1/gems/actionpack-2.3.8/lib/action_controller/reloader.rb:34:in `run'
    C:/Ruby191/lib/ruby/gems/1.9.1/gems/actionpack-2.3.8/lib/action_controller/dispatcher.rb:108:in `call'
    C:/Ruby191/lib/ruby/gems/1.9.1/gems/rails-2.3.8/lib/rails/rack/static.rb:31:in `call'
    C:/Ruby191/lib/ruby/gems/1.9.1/gems/rack-1.1.0/lib/rack/urlmap.rb:47:in `block in call'
    C:/Ruby191/lib/ruby/gems/1.9.1/gems/rack-1.1.0/lib/rack/urlmap.rb:41:in `each'
    C:/Ruby191/lib/ruby/gems/1.9.1/gems/rack-1.1.0/lib/rack/urlmap.rb:41:in `call'
    C:/Ruby191/lib/ruby/gems/1.9.1/gems/rails-2.3.8/lib/rails/rack/log_tailer.rb:17:in `call'
    C:/Ruby191/lib/ruby/gems/1.9.1/gems/rack-1.1.0/lib/rack/content_length.rb:13:in `call'
    C:/Ruby191/lib/ruby/gems/1.9.1/gems/rack-1.1.0/lib/rack/handler/webrick.rb:48:in `service'
    C:/Ruby191/lib/ruby/1.9.1/webrick/httpserver.rb:111:in `service'
    C:/Ruby191/lib/ruby/1.9.1/webrick/httpserver.rb:70:in `run'
    C:/Ruby191/lib/ruby/1.9.1/webrick/server.rb:183:in `block in start_thread'
/!\ FAILSAFE /!\  2011-04-20 14:47:52 +0100
  Status: 500 Internal Server Error
  no such file to load -- sqlite3/sqlite3_native
    C:/Ruby191/lib/ruby/site_ruby/1.9.1/rubygems/custom_require.rb:29:in `require'
    C:/Ruby191/lib/ruby/site_ruby/1.9.1/rubygems/custom_require.rb:29:in `require'
    C:/Ruby191/lib/ruby/gems/1.9.1/gems/activesupport-2.3.8/lib/active_support/dependencies.rb:156:in `block in require'
    C:/Ruby191/lib/ruby/gems/1.9.1/gems/activesupport-2.3.8/lib/active_support/dependencies.rb:521:in `new_constants_in'
    C:/Ruby191/lib/ruby/gems/1.9.1/gems/activesupport-2.3.8/lib/active_support/dependencies.rb:156:in `require'
    C:/Ruby191/lib/ruby/gems/1.9.1/gems/sqlite3-1.3.3-x86-mingw32/lib/sqlite3.rb:6:in `rescue in <top (required)>'
    C:/Ruby191/lib/ruby/gems/1.9.1/gems/sqlite3-1.3.3-x86-mingw32/lib/sqlite3.rb:2:in `<top (required)>'
    C:/Ruby191/lib/ruby/site_ruby/1.9.1/rubygems/custom_require.rb:29:in `require'
    C:/Ruby191/lib/ruby/site_ruby/1.9.1/rubygems/custom_require.rb:29:in `require'
    C:/Ruby191/lib/ruby/gems/1.9.1/gems/activesupport-2.3.8/lib/active_support/dependencies.rb:156:in `block in require'
    C:/Ruby191/lib/ruby/gems/1.9.1/gems/activesupport-2.3.8/lib/active_support/dependencies.rb:521:in `new_constants_in'
    C:/Ruby191/lib/ruby/gems/1.9.1/gems/activesupport-2.3.8/lib/active_support/dependencies.rb:156:in `require'
    C:/Ruby191/lib/ruby/gems/1.9.1/gems/activesupport-2.3.8/lib/active_support/core_ext/kernel/requires.rb:7:in `block in require_library_or_gem'
    C:/Ruby191/lib/ruby/gems/1.9.1/gems/activesupport-2.3.8/lib/active_support/core_ext/kernel/reporting.rb:11:in `silence_warnings'
    C:/Ruby191/lib/ruby/gems/1.9.1/gems/activesupport-2.3.8/lib/active_support/core_ext/kernel/requires.rb:5:in `require_library_or_gem'
    C:/Ruby191/lib/ruby/gems/1.9.1/gems/activerecord-2.3.8/lib/active_record/connection_adapters/sqlite3_adapter.rb:10:in `sqlite3_connection'
    C:/Ruby191/lib/ruby/gems/1.9.1/gems/activerecord-2.3.8/lib/active_record/connection_adapters/abstract/connection_pool.rb:223:in `new_connection'
    C:/Ruby191/lib/ruby/gems/1.9.1/gems/activerecord-2.3.8/lib/active_record/connection_adapters/abstract/connection_pool.rb:245:in `checkout_new_connection'
    C:/Ruby191/lib/ruby/gems/1.9.1/gems/activerecord-2.3.8/lib/active_record/connection_adapters/abstract/connection_pool.rb:188:in `block (2 levels) in checkout'
    C:/Ruby191/lib/ruby/gems/1.9.1/gems/activerecord-2.3.8/lib/active_record/connection_adapters/abstract/connection_pool.rb:184:in `loop'
    C:/Ruby191/lib/ruby/gems/1.9.1/gems/activerecord-2.3.8/lib/active_record/connection_adapters/abstract/connection_pool.rb:184:in `block in checkout'
    C:/Ruby191/lib/ruby/1.9.1/monitor.rb:190:in `mon_synchronize'
    C:/Ruby191/lib/ruby/gems/1.9.1/gems/activerecord-2.3.8/lib/active_record/connection_adapters/abstract/connection_pool.rb:183:in `checkout'
    C:/Ruby191/lib/ruby/gems/1.9.1/gems/activerecord-2.3.8/lib/active_record/connection_adapters/abstract/connection_pool.rb:98:in `connection'
    C:/Ruby191/lib/ruby/gems/1.9.1/gems/activerecord-2.3.8/lib/active_record/connection_adapters/abstract/connection_pool.rb:326:in `retrieve_connection'
    C:/Ruby191/lib/ruby/gems/1.9.1/gems/activerecord-2.3.8/lib/active_record/connection_adapters/abstract/connection_specification.rb:123:in `retrieve_connection'
    C:/Ruby191/lib/ruby/gems/1.9.1/gems/activerecord-2.3.8/lib/active_record/connection_adapters/abstract/connection_specification.rb:115:in `connection'
    C:/Ruby191/lib/ruby/gems/1.9.1/gems/activerecord-2.3.8/lib/active_record/query_cache.rb:9:in `cache'
    C:/Ruby191/lib/ruby/gems/1.9.1/gems/activerecord-2.3.8/lib/active_record/query_cache.rb:28:in `call'
    C:/Ruby191/lib/ruby/gems/1.9.1/gems/activerecord-2.3.8/lib/active_record/connection_adapters/abstract/connection_pool.rb:361:in `call'
    C:/Ruby191/lib/ruby/gems/1.9.1/gems/actionpack-2.3.8/lib/action_controller/string_coercion.rb:25:in `call'
    C:/Ruby191/lib/ruby/gems/1.9.1/gems/rack-1.1.0/lib/rack/head.rb:9:in `call'
    C:/Ruby191/lib/ruby/gems/1.9.1/gems/rack-1.1.0/lib/rack/methodoverride.rb:24:in `call'
    C:/Ruby191/lib/ruby/gems/1.9.1/gems/actionpack-2.3.8/lib/action_controller/params_parser.rb:15:in `call'
    C:/Ruby191/lib/ruby/gems/1.9.1/gems/actionpack-2.3.8/lib/action_controller/session/cookie_store.rb:99:in `call'
    C:/Ruby191/lib/ruby/gems/1.9.1/gems/actionpack-2.3.8/lib/action_controller/failsafe.rb:26:in `call'
    C:/Ruby191/lib/ruby/gems/1.9.1/gems/rack-1.1.0/lib/rack/lock.rb:11:in `block in call'
    <internal:prelude>:8:in `synchronize'
    C:/Ruby191/lib/ruby/gems/1.9.1/gems/rack-1.1.0/lib/rack/lock.rb:11:in `call'
    C:/Ruby191/lib/ruby/gems/1.9.1/gems/actionpack-2.3.8/lib/action_controller/dispatcher.rb:114:in `block in call'
    C:/Ruby191/lib/ruby/gems/1.9.1/gems/actionpack-2.3.8/lib/action_controller/reloader.rb:34:in `run'
    C:/Ruby191/lib/ruby/gems/1.9.1/gems/actionpack-2.3.8/lib/action_controller/dispatcher.rb:108:in `call'
    C:/Ruby191/lib/ruby/gems/1.9.1/gems/rails-2.3.8/lib/rails/rack/static.rb:31:in `call'
    C:/Ruby191/lib/ruby/gems/1.9.1/gems/rack-1.1.0/lib/rack/urlmap.rb:47:in `block in call'
    C:/Ruby191/lib/ruby/gems/1.9.1/gems/rack-1.1.0/lib/rack/urlmap.rb:41:in `each'
    C:/Ruby191/lib/ruby/gems/1.9.1/gems/rack-1.1.0/lib/rack/urlmap.rb:41:in `call'
    C:/Ruby191/lib/ruby/gems/1.9.1/gems/rails-2.3.8/lib/rails/rack/log_tailer.rb:17:in `call'
    C:/Ruby191/lib/ruby/gems/1.9.1/gems/rack-1.1.0/lib/rack/content_length.rb:13:in `call'
    C:/Ruby191/lib/ruby/gems/1.9.1/gems/rack-1.1.0/lib/rack/handler/webrick.rb:48:in `service'
    C:/Ruby191/lib/ruby/1.9.1/webrick/httpserver.rb:111:in `service'
    C:/Ruby191/lib/ruby/1.9.1/webrick/httpserver.rb:70:in `run'
    C:/Ruby191/lib/ruby/1.9.1/webrick/server.rb:183:in `block in start_thread'
/!\ FAILSAFE /!\  2011-04-20 14:49:25 +0100
  Status: 500 Internal Server Error
  no such file to load -- sqlite3/sqlite3_native
    C:/Ruby191/lib/ruby/site_ruby/1.9.1/rubygems/custom_require.rb:29:in `require'
    C:/Ruby191/lib/ruby/site_ruby/1.9.1/rubygems/custom_require.rb:29:in `require'
    C:/Ruby191/lib/ruby/gems/1.9.1/gems/activesupport-2.3.8/lib/active_support/dependencies.rb:156:in `block in require'
    C:/Ruby191/lib/ruby/gems/1.9.1/gems/activesupport-2.3.8/lib/active_support/dependencies.rb:521:in `new_constants_in'
    C:/Ruby191/lib/ruby/gems/1.9.1/gems/activesupport-2.3.8/lib/active_support/dependencies.rb:156:in `require'
    C:/Ruby191/lib/ruby/gems/1.9.1/gems/sqlite3-1.3.3-x86-mingw32/lib/sqlite3.rb:6:in `rescue in <top (required)>'
    C:/Ruby191/lib/ruby/gems/1.9.1/gems/sqlite3-1.3.3-x86-mingw32/lib/sqlite3.rb:2:in `<top (required)>'
    C:/Ruby191/lib/ruby/site_ruby/1.9.1/rubygems/custom_require.rb:29:in `require'
    C:/Ruby191/lib/ruby/site_ruby/1.9.1/rubygems/custom_require.rb:29:in `require'
    C:/Ruby191/lib/ruby/gems/1.9.1/gems/activesupport-2.3.8/lib/active_support/dependencies.rb:156:in `block in require'
    C:/Ruby191/lib/ruby/gems/1.9.1/gems/activesupport-2.3.8/lib/active_support/dependencies.rb:521:in `new_constants_in'
    C:/Ruby191/lib/ruby/gems/1.9.1/gems/activesupport-2.3.8/lib/active_support/dependencies.rb:156:in `require'
    C:/Ruby191/lib/ruby/gems/1.9.1/gems/activesupport-2.3.8/lib/active_support/core_ext/kernel/requires.rb:7:in `block in require_library_or_gem'
    C:/Ruby191/lib/ruby/gems/1.9.1/gems/activesupport-2.3.8/lib/active_support/core_ext/kernel/reporting.rb:11:in `silence_warnings'
    C:/Ruby191/lib/ruby/gems/1.9.1/gems/activesupport-2.3.8/lib/active_support/core_ext/kernel/requires.rb:5:in `require_library_or_gem'
    C:/Ruby191/lib/ruby/gems/1.9.1/gems/activerecord-2.3.8/lib/active_record/connection_adapters/sqlite3_adapter.rb:10:in `sqlite3_connection'
    C:/Ruby191/lib/ruby/gems/1.9.1/gems/activerecord-2.3.8/lib/active_record/connection_adapters/abstract/connection_pool.rb:223:in `new_connection'
    C:/Ruby191/lib/ruby/gems/1.9.1/gems/activerecord-2.3.8/lib/active_record/connection_adapters/abstract/connection_pool.rb:245:in `checkout_new_connection'
    C:/Ruby191/lib/ruby/gems/1.9.1/gems/activerecord-2.3.8/lib/active_record/connection_adapters/abstract/connection_pool.rb:188:in `block (2 levels) in checkout'
    C:/Ruby191/lib/ruby/gems/1.9.1/gems/activerecord-2.3.8/lib/active_record/connection_adapters/abstract/connection_pool.rb:184:in `loop'
    C:/Ruby191/lib/ruby/gems/1.9.1/gems/activerecord-2.3.8/lib/active_record/connection_adapters/abstract/connection_pool.rb:184:in `block in checkout'
    C:/Ruby191/lib/ruby/1.9.1/monitor.rb:190:in `mon_synchronize'
    C:/Ruby191/lib/ruby/gems/1.9.1/gems/activerecord-2.3.8/lib/active_record/connection_adapters/abstract/connection_pool.rb:183:in `checkout'
    C:/Ruby191/lib/ruby/gems/1.9.1/gems/activerecord-2.3.8/lib/active_record/connection_adapters/abstract/connection_pool.rb:98:in `connection'
    C:/Ruby191/lib/ruby/gems/1.9.1/gems/activerecord-2.3.8/lib/active_record/connection_adapters/abstract/connection_pool.rb:326:in `retrieve_connection'
    C:/Ruby191/lib/ruby/gems/1.9.1/gems/activerecord-2.3.8/lib/active_record/connection_adapters/abstract/connection_specification.rb:123:in `retrieve_connection'
    C:/Ruby191/lib/ruby/gems/1.9.1/gems/activerecord-2.3.8/lib/active_record/connection_adapters/abstract/connection_specification.rb:115:in `connection'
    C:/Ruby191/lib/ruby/gems/1.9.1/gems/activerecord-2.3.8/lib/active_record/query_cache.rb:9:in `cache'
    C:/Ruby191/lib/ruby/gems/1.9.1/gems/activerecord-2.3.8/lib/active_record/query_cache.rb:28:in `call'
    C:/Ruby191/lib/ruby/gems/1.9.1/gems/activerecord-2.3.8/lib/active_record/connection_adapters/abstract/connection_pool.rb:361:in `call'
    C:/Ruby191/lib/ruby/gems/1.9.1/gems/actionpack-2.3.8/lib/action_controller/string_coercion.rb:25:in `call'
    C:/Ruby191/lib/ruby/gems/1.9.1/gems/rack-1.1.0/lib/rack/head.rb:9:in `call'
    C:/Ruby191/lib/ruby/gems/1.9.1/gems/rack-1.1.0/lib/rack/methodoverride.rb:24:in `call'
    C:/Ruby191/lib/ruby/gems/1.9.1/gems/actionpack-2.3.8/lib/action_controller/params_parser.rb:15:in `call'
    C:/Ruby191/lib/ruby/gems/1.9.1/gems/actionpack-2.3.8/lib/action_controller/session/cookie_store.rb:99:in `call'
    C:/Ruby191/lib/ruby/gems/1.9.1/gems/actionpack-2.3.8/lib/action_controller/failsafe.rb:26:in `call'
    C:/Ruby191/lib/ruby/gems/1.9.1/gems/rack-1.1.0/lib/rack/lock.rb:11:in `block in call'
    <internal:prelude>:8:in `synchronize'
    C:/Ruby191/lib/ruby/gems/1.9.1/gems/rack-1.1.0/lib/rack/lock.rb:11:in `call'
    C:/Ruby191/lib/ruby/gems/1.9.1/gems/actionpack-2.3.8/lib/action_controller/dispatcher.rb:114:in `block in call'
    C:/Ruby191/lib/ruby/gems/1.9.1/gems/actionpack-2.3.8/lib/action_controller/reloader.rb:34:in `run'
    C:/Ruby191/lib/ruby/gems/1.9.1/gems/actionpack-2.3.8/lib/action_controller/dispatcher.rb:108:in `call'
    C:/Ruby191/lib/ruby/gems/1.9.1/gems/rails-2.3.8/lib/rails/rack/static.rb:31:in `call'
    C:/Ruby191/lib/ruby/gems/1.9.1/gems/rack-1.1.0/lib/rack/urlmap.rb:47:in `block in call'
    C:/Ruby191/lib/ruby/gems/1.9.1/gems/rack-1.1.0/lib/rack/urlmap.rb:41:in `each'
    C:/Ruby191/lib/ruby/gems/1.9.1/gems/rack-1.1.0/lib/rack/urlmap.rb:41:in `call'
    C:/Ruby191/lib/ruby/gems/1.9.1/gems/rails-2.3.8/lib/rails/rack/log_tailer.rb:17:in `call'
    C:/Ruby191/lib/ruby/gems/1.9.1/gems/rack-1.1.0/lib/rack/content_length.rb:13:in `call'
    C:/Ruby191/lib/ruby/gems/1.9.1/gems/rack-1.1.0/lib/rack/handler/webrick.rb:48:in `service'
    C:/Ruby191/lib/ruby/1.9.1/webrick/httpserver.rb:111:in `service'
    C:/Ruby191/lib/ruby/1.9.1/webrick/httpserver.rb:70:in `run'
    C:/Ruby191/lib/ruby/1.9.1/webrick/server.rb:183:in `block in start_thread'
/!\ FAILSAFE /!\  2011-04-20 14:49:33 +0100
  Status: 500 Internal Server Error
  no such file to load -- sqlite3/sqlite3_native
    C:/Ruby191/lib/ruby/site_ruby/1.9.1/rubygems/custom_require.rb:29:in `require'
    C:/Ruby191/lib/ruby/site_ruby/1.9.1/rubygems/custom_require.rb:29:in `require'
    C:/Ruby191/lib/ruby/gems/1.9.1/gems/activesupport-2.3.8/lib/active_support/dependencies.rb:156:in `block in require'
    C:/Ruby191/lib/ruby/gems/1.9.1/gems/activesupport-2.3.8/lib/active_support/dependencies.rb:521:in `new_constants_in'
    C:/Ruby191/lib/ruby/gems/1.9.1/gems/activesupport-2.3.8/lib/active_support/dependencies.rb:156:in `require'
    C:/Ruby191/lib/ruby/gems/1.9.1/gems/sqlite3-1.3.3-x86-mingw32/lib/sqlite3.rb:6:in `rescue in <top (required)>'
    C:/Ruby191/lib/ruby/gems/1.9.1/gems/sqlite3-1.3.3-x86-mingw32/lib/sqlite3.rb:2:in `<top (required)>'
    C:/Ruby191/lib/ruby/site_ruby/1.9.1/rubygems/custom_require.rb:29:in `require'
    C:/Ruby191/lib/ruby/site_ruby/1.9.1/rubygems/custom_require.rb:29:in `require'
    C:/Ruby191/lib/ruby/gems/1.9.1/gems/activesupport-2.3.8/lib/active_support/dependencies.rb:156:in `block in require'
    C:/Ruby191/lib/ruby/gems/1.9.1/gems/activesupport-2.3.8/lib/active_support/dependencies.rb:521:in `new_constants_in'
    C:/Ruby191/lib/ruby/gems/1.9.1/gems/activesupport-2.3.8/lib/active_support/dependencies.rb:156:in `require'
    C:/Ruby191/lib/ruby/gems/1.9.1/gems/activesupport-2.3.8/lib/active_support/core_ext/kernel/requires.rb:7:in `block in require_library_or_gem'
    C:/Ruby191/lib/ruby/gems/1.9.1/gems/activesupport-2.3.8/lib/active_support/core_ext/kernel/reporting.rb:11:in `silence_warnings'
    C:/Ruby191/lib/ruby/gems/1.9.1/gems/activesupport-2.3.8/lib/active_support/core_ext/kernel/requires.rb:5:in `require_library_or_gem'
    C:/Ruby191/lib/ruby/gems/1.9.1/gems/activerecord-2.3.8/lib/active_record/connection_adapters/sqlite3_adapter.rb:10:in `sqlite3_connection'
    C:/Ruby191/lib/ruby/gems/1.9.1/gems/activerecord-2.3.8/lib/active_record/connection_adapters/abstract/connection_pool.rb:223:in `new_connection'
    C:/Ruby191/lib/ruby/gems/1.9.1/gems/activerecord-2.3.8/lib/active_record/connection_adapters/abstract/connection_pool.rb:245:in `checkout_new_connection'
    C:/Ruby191/lib/ruby/gems/1.9.1/gems/activerecord-2.3.8/lib/active_record/connection_adapters/abstract/connection_pool.rb:188:in `block (2 levels) in checkout'
    C:/Ruby191/lib/ruby/gems/1.9.1/gems/activerecord-2.3.8/lib/active_record/connection_adapters/abstract/connection_pool.rb:184:in `loop'
    C:/Ruby191/lib/ruby/gems/1.9.1/gems/activerecord-2.3.8/lib/active_record/connection_adapters/abstract/connection_pool.rb:184:in `block in checkout'
    C:/Ruby191/lib/ruby/1.9.1/monitor.rb:190:in `mon_synchronize'
    C:/Ruby191/lib/ruby/gems/1.9.1/gems/activerecord-2.3.8/lib/active_record/connection_adapters/abstract/connection_pool.rb:183:in `checkout'
    C:/Ruby191/lib/ruby/gems/1.9.1/gems/activerecord-2.3.8/lib/active_record/connection_adapters/abstract/connection_pool.rb:98:in `connection'
    C:/Ruby191/lib/ruby/gems/1.9.1/gems/activerecord-2.3.8/lib/active_record/connection_adapters/abstract/connection_pool.rb:326:in `retrieve_connection'
    C:/Ruby191/lib/ruby/gems/1.9.1/gems/activerecord-2.3.8/lib/active_record/connection_adapters/abstract/connection_specification.rb:123:in `retrieve_connection'
    C:/Ruby191/lib/ruby/gems/1.9.1/gems/activerecord-2.3.8/lib/active_record/connection_adapters/abstract/connection_specification.rb:115:in `connection'
    C:/Ruby191/lib/ruby/gems/1.9.1/gems/activerecord-2.3.8/lib/active_record/query_cache.rb:9:in `cache'
    C:/Ruby191/lib/ruby/gems/1.9.1/gems/activerecord-2.3.8/lib/active_record/query_cache.rb:28:in `call'
    C:/Ruby191/lib/ruby/gems/1.9.1/gems/activerecord-2.3.8/lib/active_record/connection_adapters/abstract/connection_pool.rb:361:in `call'
    C:/Ruby191/lib/ruby/gems/1.9.1/gems/actionpack-2.3.8/lib/action_controller/string_coercion.rb:25:in `call'
    C:/Ruby191/lib/ruby/gems/1.9.1/gems/rack-1.1.0/lib/rack/head.rb:9:in `call'
    C:/Ruby191/lib/ruby/gems/1.9.1/gems/rack-1.1.0/lib/rack/methodoverride.rb:24:in `call'
    C:/Ruby191/lib/ruby/gems/1.9.1/gems/actionpack-2.3.8/lib/action_controller/params_parser.rb:15:in `call'
    C:/Ruby191/lib/ruby/gems/1.9.1/gems/actionpack-2.3.8/lib/action_controller/session/cookie_store.rb:99:in `call'
    C:/Ruby191/lib/ruby/gems/1.9.1/gems/actionpack-2.3.8/lib/action_controller/failsafe.rb:26:in `call'
    C:/Ruby191/lib/ruby/gems/1.9.1/gems/rack-1.1.0/lib/rack/lock.rb:11:in `block in call'
    <internal:prelude>:8:in `synchronize'
    C:/Ruby191/lib/ruby/gems/1.9.1/gems/rack-1.1.0/lib/rack/lock.rb:11:in `call'
    C:/Ruby191/lib/ruby/gems/1.9.1/gems/actionpack-2.3.8/lib/action_controller/dispatcher.rb:114:in `block in call'
    C:/Ruby191/lib/ruby/gems/1.9.1/gems/actionpack-2.3.8/lib/action_controller/reloader.rb:34:in `run'
    C:/Ruby191/lib/ruby/gems/1.9.1/gems/actionpack-2.3.8/lib/action_controller/dispatcher.rb:108:in `call'
    C:/Ruby191/lib/ruby/gems/1.9.1/gems/rails-2.3.8/lib/rails/rack/static.rb:31:in `call'
    C:/Ruby191/lib/ruby/gems/1.9.1/gems/rack-1.1.0/lib/rack/urlmap.rb:47:in `block in call'
    C:/Ruby191/lib/ruby/gems/1.9.1/gems/rack-1.1.0/lib/rack/urlmap.rb:41:in `each'
    C:/Ruby191/lib/ruby/gems/1.9.1/gems/rack-1.1.0/lib/rack/urlmap.rb:41:in `call'
    C:/Ruby191/lib/ruby/gems/1.9.1/gems/rails-2.3.8/lib/rails/rack/log_tailer.rb:17:in `call'
    C:/Ruby191/lib/ruby/gems/1.9.1/gems/rack-1.1.0/lib/rack/content_length.rb:13:in `call'
    C:/Ruby191/lib/ruby/gems/1.9.1/gems/rack-1.1.0/lib/rack/handler/webrick.rb:48:in `service'
    C:/Ruby191/lib/ruby/1.9.1/webrick/httpserver.rb:111:in `service'
    C:/Ruby191/lib/ruby/1.9.1/webrick/httpserver.rb:70:in `run'
    C:/Ruby191/lib/ruby/1.9.1/webrick/server.rb:183:in `block in start_thread'
/!\ FAILSAFE /!\  2011-04-20 14:51:42 +0100
  Status: 500 Internal Server Error
  no such file to load -- sqlite3/sqlite3_native
    C:/Ruby191/lib/ruby/site_ruby/1.9.1/rubygems/custom_require.rb:29:in `require'
    C:/Ruby191/lib/ruby/site_ruby/1.9.1/rubygems/custom_require.rb:29:in `require'
    C:/Ruby191/lib/ruby/gems/1.9.1/gems/activesupport-2.3.8/lib/active_support/dependencies.rb:156:in `block in require'
    C:/Ruby191/lib/ruby/gems/1.9.1/gems/activesupport-2.3.8/lib/active_support/dependencies.rb:521:in `new_constants_in'
    C:/Ruby191/lib/ruby/gems/1.9.1/gems/activesupport-2.3.8/lib/active_support/dependencies.rb:156:in `require'
    C:/Ruby191/lib/ruby/gems/1.9.1/gems/sqlite3-1.3.3-x86-mingw32/lib/sqlite3.rb:6:in `rescue in <top (required)>'
    C:/Ruby191/lib/ruby/gems/1.9.1/gems/sqlite3-1.3.3-x86-mingw32/lib/sqlite3.rb:2:in `<top (required)>'
    C:/Ruby191/lib/ruby/site_ruby/1.9.1/rubygems/custom_require.rb:29:in `require'
    C:/Ruby191/lib/ruby/site_ruby/1.9.1/rubygems/custom_require.rb:29:in `require'
    C:/Ruby191/lib/ruby/gems/1.9.1/gems/activesupport-2.3.8/lib/active_support/dependencies.rb:156:in `block in require'
    C:/Ruby191/lib/ruby/gems/1.9.1/gems/activesupport-2.3.8/lib/active_support/dependencies.rb:521:in `new_constants_in'
    C:/Ruby191/lib/ruby/gems/1.9.1/gems/activesupport-2.3.8/lib/active_support/dependencies.rb:156:in `require'
    C:/Ruby191/lib/ruby/gems/1.9.1/gems/activesupport-2.3.8/lib/active_support/core_ext/kernel/requires.rb:7:in `block in require_library_or_gem'
    C:/Ruby191/lib/ruby/gems/1.9.1/gems/activesupport-2.3.8/lib/active_support/core_ext/kernel/reporting.rb:11:in `silence_warnings'
    C:/Ruby191/lib/ruby/gems/1.9.1/gems/activesupport-2.3.8/lib/active_support/core_ext/kernel/requires.rb:5:in `require_library_or_gem'
    C:/Ruby191/lib/ruby/gems/1.9.1/gems/activerecord-2.3.8/lib/active_record/connection_adapters/sqlite3_adapter.rb:10:in `sqlite3_connection'
    C:/Ruby191/lib/ruby/gems/1.9.1/gems/activerecord-2.3.8/lib/active_record/connection_adapters/abstract/connection_pool.rb:223:in `new_connection'
    C:/Ruby191/lib/ruby/gems/1.9.1/gems/activerecord-2.3.8/lib/active_record/connection_adapters/abstract/connection_pool.rb:245:in `checkout_new_connection'
    C:/Ruby191/lib/ruby/gems/1.9.1/gems/activerecord-2.3.8/lib/active_record/connection_adapters/abstract/connection_pool.rb:188:in `block (2 levels) in checkout'
    C:/Ruby191/lib/ruby/gems/1.9.1/gems/activerecord-2.3.8/lib/active_record/connection_adapters/abstract/connection_pool.rb:184:in `loop'
    C:/Ruby191/lib/ruby/gems/1.9.1/gems/activerecord-2.3.8/lib/active_record/connection_adapters/abstract/connection_pool.rb:184:in `block in checkout'
    C:/Ruby191/lib/ruby/1.9.1/monitor.rb:190:in `mon_synchronize'
    C:/Ruby191/lib/ruby/gems/1.9.1/gems/activerecord-2.3.8/lib/active_record/connection_adapters/abstract/connection_pool.rb:183:in `checkout'
    C:/Ruby191/lib/ruby/gems/1.9.1/gems/activerecord-2.3.8/lib/active_record/connection_adapters/abstract/connection_pool.rb:98:in `connection'
    C:/Ruby191/lib/ruby/gems/1.9.1/gems/activerecord-2.3.8/lib/active_record/connection_adapters/abstract/connection_pool.rb:326:in `retrieve_connection'
    C:/Ruby191/lib/ruby/gems/1.9.1/gems/activerecord-2.3.8/lib/active_record/connection_adapters/abstract/connection_specification.rb:123:in `retrieve_connection'
    C:/Ruby191/lib/ruby/gems/1.9.1/gems/activerecord-2.3.8/lib/active_record/connection_adapters/abstract/connection_specification.rb:115:in `connection'
    C:/Ruby191/lib/ruby/gems/1.9.1/gems/activerecord-2.3.8/lib/active_record/query_cache.rb:9:in `cache'
    C:/Ruby191/lib/ruby/gems/1.9.1/gems/activerecord-2.3.8/lib/active_record/query_cache.rb:28:in `call'
    C:/Ruby191/lib/ruby/gems/1.9.1/gems/activerecord-2.3.8/lib/active_record/connection_adapters/abstract/connection_pool.rb:361:in `call'
    C:/Ruby191/lib/ruby/gems/1.9.1/gems/actionpack-2.3.8/lib/action_controller/string_coercion.rb:25:in `call'
    C:/Ruby191/lib/ruby/gems/1.9.1/gems/rack-1.1.0/lib/rack/head.rb:9:in `call'
    C:/Ruby191/lib/ruby/gems/1.9.1/gems/rack-1.1.0/lib/rack/methodoverride.rb:24:in `call'
    C:/Ruby191/lib/ruby/gems/1.9.1/gems/actionpack-2.3.8/lib/action_controller/params_parser.rb:15:in `call'
    C:/Ruby191/lib/ruby/gems/1.9.1/gems/actionpack-2.3.8/lib/action_controller/session/cookie_store.rb:99:in `call'
    C:/Ruby191/lib/ruby/gems/1.9.1/gems/actionpack-2.3.8/lib/action_controller/failsafe.rb:26:in `call'
    C:/Ruby191/lib/ruby/gems/1.9.1/gems/rack-1.1.0/lib/rack/lock.rb:11:in `block in call'
    <internal:prelude>:8:in `synchronize'
    C:/Ruby191/lib/ruby/gems/1.9.1/gems/rack-1.1.0/lib/rack/lock.rb:11:in `call'
    C:/Ruby191/lib/ruby/gems/1.9.1/gems/actionpack-2.3.8/lib/action_controller/dispatcher.rb:114:in `block in call'
    C:/Ruby191/lib/ruby/gems/1.9.1/gems/actionpack-2.3.8/lib/action_controller/reloader.rb:34:in `run'
    C:/Ruby191/lib/ruby/gems/1.9.1/gems/actionpack-2.3.8/lib/action_controller/dispatcher.rb:108:in `call'
    C:/Ruby191/lib/ruby/gems/1.9.1/gems/rails-2.3.8/lib/rails/rack/static.rb:31:in `call'
    C:/Ruby191/lib/ruby/gems/1.9.1/gems/rack-1.1.0/lib/rack/urlmap.rb:47:in `block in call'
    C:/Ruby191/lib/ruby/gems/1.9.1/gems/rack-1.1.0/lib/rack/urlmap.rb:41:in `each'
    C:/Ruby191/lib/ruby/gems/1.9.1/gems/rack-1.1.0/lib/rack/urlmap.rb:41:in `call'
    C:/Ruby191/lib/ruby/gems/1.9.1/gems/rails-2.3.8/lib/rails/rack/log_tailer.rb:17:in `call'
    C:/Ruby191/lib/ruby/gems/1.9.1/gems/rack-1.1.0/lib/rack/content_length.rb:13:in `call'
    C:/Ruby191/lib/ruby/gems/1.9.1/gems/rack-1.1.0/lib/rack/handler/webrick.rb:48:in `service'
    C:/Ruby191/lib/ruby/1.9.1/webrick/httpserver.rb:111:in `service'
    C:/Ruby191/lib/ruby/1.9.1/webrick/httpserver.rb:70:in `run'
    C:/Ruby191/lib/ruby/1.9.1/webrick/server.rb:183:in `block in start_thread'
/!\ FAILSAFE /!\  2011-04-20 14:51:54 +0100
  Status: 500 Internal Server Error
  no such file to load -- sqlite3/sqlite3_native
    C:/Ruby191/lib/ruby/site_ruby/1.9.1/rubygems/custom_require.rb:29:in `require'
    C:/Ruby191/lib/ruby/site_ruby/1.9.1/rubygems/custom_require.rb:29:in `require'
    C:/Ruby191/lib/ruby/gems/1.9.1/gems/activesupport-2.3.8/lib/active_support/dependencies.rb:156:in `block in require'
    C:/Ruby191/lib/ruby/gems/1.9.1/gems/activesupport-2.3.8/lib/active_support/dependencies.rb:521:in `new_constants_in'
    C:/Ruby191/lib/ruby/gems/1.9.1/gems/activesupport-2.3.8/lib/active_support/dependencies.rb:156:in `require'
    C:/Ruby191/lib/ruby/gems/1.9.1/gems/sqlite3-1.3.3-x86-mingw32/lib/sqlite3.rb:6:in `rescue in <top (required)>'
    C:/Ruby191/lib/ruby/gems/1.9.1/gems/sqlite3-1.3.3-x86-mingw32/lib/sqlite3.rb:2:in `<top (required)>'
    C:/Ruby191/lib/ruby/site_ruby/1.9.1/rubygems/custom_require.rb:29:in `require'
    C:/Ruby191/lib/ruby/site_ruby/1.9.1/rubygems/custom_require.rb:29:in `require'
    C:/Ruby191/lib/ruby/gems/1.9.1/gems/activesupport-2.3.8/lib/active_support/dependencies.rb:156:in `block in require'
    C:/Ruby191/lib/ruby/gems/1.9.1/gems/activesupport-2.3.8/lib/active_support/dependencies.rb:521:in `new_constants_in'
    C:/Ruby191/lib/ruby/gems/1.9.1/gems/activesupport-2.3.8/lib/active_support/dependencies.rb:156:in `require'
    C:/Ruby191/lib/ruby/gems/1.9.1/gems/activesupport-2.3.8/lib/active_support/core_ext/kernel/requires.rb:7:in `block in require_library_or_gem'
    C:/Ruby191/lib/ruby/gems/1.9.1/gems/activesupport-2.3.8/lib/active_support/core_ext/kernel/reporting.rb:11:in `silence_warnings'
    C:/Ruby191/lib/ruby/gems/1.9.1/gems/activesupport-2.3.8/lib/active_support/core_ext/kernel/requires.rb:5:in `require_library_or_gem'
    C:/Ruby191/lib/ruby/gems/1.9.1/gems/activerecord-2.3.8/lib/active_record/connection_adapters/sqlite3_adapter.rb:10:in `sqlite3_connection'
    C:/Ruby191/lib/ruby/gems/1.9.1/gems/activerecord-2.3.8/lib/active_record/connection_adapters/abstract/connection_pool.rb:223:in `new_connection'
    C:/Ruby191/lib/ruby/gems/1.9.1/gems/activerecord-2.3.8/lib/active_record/connection_adapters/abstract/connection_pool.rb:245:in `checkout_new_connection'
    C:/Ruby191/lib/ruby/gems/1.9.1/gems/activerecord-2.3.8/lib/active_record/connection_adapters/abstract/connection_pool.rb:188:in `block (2 levels) in checkout'
    C:/Ruby191/lib/ruby/gems/1.9.1/gems/activerecord-2.3.8/lib/active_record/connection_adapters/abstract/connection_pool.rb:184:in `loop'
    C:/Ruby191/lib/ruby/gems/1.9.1/gems/activerecord-2.3.8/lib/active_record/connection_adapters/abstract/connection_pool.rb:184:in `block in checkout'
    C:/Ruby191/lib/ruby/1.9.1/monitor.rb:190:in `mon_synchronize'
    C:/Ruby191/lib/ruby/gems/1.9.1/gems/activerecord-2.3.8/lib/active_record/connection_adapters/abstract/connection_pool.rb:183:in `checkout'
    C:/Ruby191/lib/ruby/gems/1.9.1/gems/activerecord-2.3.8/lib/active_record/connection_adapters/abstract/connection_pool.rb:98:in `connection'
    C:/Ruby191/lib/ruby/gems/1.9.1/gems/activerecord-2.3.8/lib/active_record/connection_adapters/abstract/connection_pool.rb:326:in `retrieve_connection'
    C:/Ruby191/lib/ruby/gems/1.9.1/gems/activerecord-2.3.8/lib/active_record/connection_adapters/abstract/connection_specification.rb:123:in `retrieve_connection'
    C:/Ruby191/lib/ruby/gems/1.9.1/gems/activerecord-2.3.8/lib/active_record/connection_adapters/abstract/connection_specification.rb:115:in `connection'
    C:/Ruby191/lib/ruby/gems/1.9.1/gems/activerecord-2.3.8/lib/active_record/query_cache.rb:9:in `cache'
    C:/Ruby191/lib/ruby/gems/1.9.1/gems/activerecord-2.3.8/lib/active_record/query_cache.rb:28:in `call'
    C:/Ruby191/lib/ruby/gems/1.9.1/gems/activerecord-2.3.8/lib/active_record/connection_adapters/abstract/connection_pool.rb:361:in `call'
    C:/Ruby191/lib/ruby/gems/1.9.1/gems/actionpack-2.3.8/lib/action_controller/string_coercion.rb:25:in `call'
    C:/Ruby191/lib/ruby/gems/1.9.1/gems/rack-1.1.0/lib/rack/head.rb:9:in `call'
    C:/Ruby191/lib/ruby/gems/1.9.1/gems/rack-1.1.0/lib/rack/methodoverride.rb:24:in `call'
    C:/Ruby191/lib/ruby/gems/1.9.1/gems/actionpack-2.3.8/lib/action_controller/params_parser.rb:15:in `call'
    C:/Ruby191/lib/ruby/gems/1.9.1/gems/actionpack-2.3.8/lib/action_controller/session/cookie_store.rb:99:in `call'
    C:/Ruby191/lib/ruby/gems/1.9.1/gems/actionpack-2.3.8/lib/action_controller/failsafe.rb:26:in `call'
    C:/Ruby191/lib/ruby/gems/1.9.1/gems/rack-1.1.0/lib/rack/lock.rb:11:in `block in call'
    <internal:prelude>:8:in `synchronize'
    C:/Ruby191/lib/ruby/gems/1.9.1/gems/rack-1.1.0/lib/rack/lock.rb:11:in `call'
    C:/Ruby191/lib/ruby/gems/1.9.1/gems/actionpack-2.3.8/lib/action_controller/dispatcher.rb:114:in `block in call'
    C:/Ruby191/lib/ruby/gems/1.9.1/gems/actionpack-2.3.8/lib/action_controller/reloader.rb:34:in `run'
    C:/Ruby191/lib/ruby/gems/1.9.1/gems/actionpack-2.3.8/lib/action_controller/dispatcher.rb:108:in `call'
    C:/Ruby191/lib/ruby/gems/1.9.1/gems/rails-2.3.8/lib/rails/rack/static.rb:31:in `call'
    C:/Ruby191/lib/ruby/gems/1.9.1/gems/rack-1.1.0/lib/rack/urlmap.rb:47:in `block in call'
    C:/Ruby191/lib/ruby/gems/1.9.1/gems/rack-1.1.0/lib/rack/urlmap.rb:41:in `each'
    C:/Ruby191/lib/ruby/gems/1.9.1/gems/rack-1.1.0/lib/rack/urlmap.rb:41:in `call'
    C:/Ruby191/lib/ruby/gems/1.9.1/gems/rails-2.3.8/lib/rails/rack/log_tailer.rb:17:in `call'
    C:/Ruby191/lib/ruby/gems/1.9.1/gems/rack-1.1.0/lib/rack/content_length.rb:13:in `call'
    C:/Ruby191/lib/ruby/gems/1.9.1/gems/rack-1.1.0/lib/rack/handler/webrick.rb:48:in `service'
    C:/Ruby191/lib/ruby/1.9.1/webrick/httpserver.rb:111:in `service'
    C:/Ruby191/lib/ruby/1.9.1/webrick/httpserver.rb:70:in `run'
    C:/Ruby191/lib/ruby/1.9.1/webrick/server.rb:183:in `block in start_thread'
/!\ FAILSAFE /!\  2011-04-20 14:52:44 +0100
  Status: 500 Internal Server Error
  no such file to load -- sqlite3/sqlite3_native
    C:/Ruby191/lib/ruby/site_ruby/1.9.1/rubygems/custom_require.rb:29:in `require'
    C:/Ruby191/lib/ruby/site_ruby/1.9.1/rubygems/custom_require.rb:29:in `require'
    C:/Ruby191/lib/ruby/gems/1.9.1/gems/activesupport-2.3.8/lib/active_support/dependencies.rb:156:in `block in require'
    C:/Ruby191/lib/ruby/gems/1.9.1/gems/activesupport-2.3.8/lib/active_support/dependencies.rb:521:in `new_constants_in'
    C:/Ruby191/lib/ruby/gems/1.9.1/gems/activesupport-2.3.8/lib/active_support/dependencies.rb:156:in `require'
    C:/Ruby191/lib/ruby/gems/1.9.1/gems/sqlite3-1.3.3-x86-mingw32/lib/sqlite3.rb:6:in `rescue in <top (required)>'
    C:/Ruby191/lib/ruby/gems/1.9.1/gems/sqlite3-1.3.3-x86-mingw32/lib/sqlite3.rb:2:in `<top (required)>'
    C:/Ruby191/lib/ruby/site_ruby/1.9.1/rubygems/custom_require.rb:29:in `require'
    C:/Ruby191/lib/ruby/site_ruby/1.9.1/rubygems/custom_require.rb:29:in `require'
    C:/Ruby191/lib/ruby/gems/1.9.1/gems/activesupport-2.3.8/lib/active_support/dependencies.rb:156:in `block in require'
    C:/Ruby191/lib/ruby/gems/1.9.1/gems/activesupport-2.3.8/lib/active_support/dependencies.rb:521:in `new_constants_in'
    C:/Ruby191/lib/ruby/gems/1.9.1/gems/activesupport-2.3.8/lib/active_support/dependencies.rb:156:in `require'
    C:/Ruby191/lib/ruby/gems/1.9.1/gems/activesupport-2.3.8/lib/active_support/core_ext/kernel/requires.rb:7:in `block in require_library_or_gem'
    C:/Ruby191/lib/ruby/gems/1.9.1/gems/activesupport-2.3.8/lib/active_support/core_ext/kernel/reporting.rb:11:in `silence_warnings'
    C:/Ruby191/lib/ruby/gems/1.9.1/gems/activesupport-2.3.8/lib/active_support/core_ext/kernel/requires.rb:5:in `require_library_or_gem'
    C:/Ruby191/lib/ruby/gems/1.9.1/gems/activerecord-2.3.8/lib/active_record/connection_adapters/sqlite3_adapter.rb:10:in `sqlite3_connection'
    C:/Ruby191/lib/ruby/gems/1.9.1/gems/activerecord-2.3.8/lib/active_record/connection_adapters/abstract/connection_pool.rb:223:in `new_connection'
    C:/Ruby191/lib/ruby/gems/1.9.1/gems/activerecord-2.3.8/lib/active_record/connection_adapters/abstract/connection_pool.rb:245:in `checkout_new_connection'
    C:/Ruby191/lib/ruby/gems/1.9.1/gems/activerecord-2.3.8/lib/active_record/connection_adapters/abstract/connection_pool.rb:188:in `block (2 levels) in checkout'
    C:/Ruby191/lib/ruby/gems/1.9.1/gems/activerecord-2.3.8/lib/active_record/connection_adapters/abstract/connection_pool.rb:184:in `loop'
    C:/Ruby191/lib/ruby/gems/1.9.1/gems/activerecord-2.3.8/lib/active_record/connection_adapters/abstract/connection_pool.rb:184:in `block in checkout'
    C:/Ruby191/lib/ruby/1.9.1/monitor.rb:190:in `mon_synchronize'
    C:/Ruby191/lib/ruby/gems/1.9.1/gems/activerecord-2.3.8/lib/active_record/connection_adapters/abstract/connection_pool.rb:183:in `checkout'
    C:/Ruby191/lib/ruby/gems/1.9.1/gems/activerecord-2.3.8/lib/active_record/connection_adapters/abstract/connection_pool.rb:98:in `connection'
    C:/Ruby191/lib/ruby/gems/1.9.1/gems/activerecord-2.3.8/lib/active_record/connection_adapters/abstract/connection_pool.rb:326:in `retrieve_connection'
    C:/Ruby191/lib/ruby/gems/1.9.1/gems/activerecord-2.3.8/lib/active_record/connection_adapters/abstract/connection_specification.rb:123:in `retrieve_connection'
    C:/Ruby191/lib/ruby/gems/1.9.1/gems/activerecord-2.3.8/lib/active_record/connection_adapters/abstract/connection_specification.rb:115:in `connection'
    C:/Ruby191/lib/ruby/gems/1.9.1/gems/activerecord-2.3.8/lib/active_record/query_cache.rb:9:in `cache'
    C:/Ruby191/lib/ruby/gems/1.9.1/gems/activerecord-2.3.8/lib/active_record/query_cache.rb:28:in `call'
    C:/Ruby191/lib/ruby/gems/1.9.1/gems/activerecord-2.3.8/lib/active_record/connection_adapters/abstract/connection_pool.rb:361:in `call'
    C:/Ruby191/lib/ruby/gems/1.9.1/gems/actionpack-2.3.8/lib/action_controller/string_coercion.rb:25:in `call'
    C:/Ruby191/lib/ruby/gems/1.9.1/gems/rack-1.1.0/lib/rack/head.rb:9:in `call'
    C:/Ruby191/lib/ruby/gems/1.9.1/gems/rack-1.1.0/lib/rack/methodoverride.rb:24:in `call'
    C:/Ruby191/lib/ruby/gems/1.9.1/gems/actionpack-2.3.8/lib/action_controller/params_parser.rb:15:in `call'
    C:/Ruby191/lib/ruby/gems/1.9.1/gems/actionpack-2.3.8/lib/action_controller/session/cookie_store.rb:99:in `call'
    C:/Ruby191/lib/ruby/gems/1.9.1/gems/actionpack-2.3.8/lib/action_controller/failsafe.rb:26:in `call'
    C:/Ruby191/lib/ruby/gems/1.9.1/gems/rack-1.1.0/lib/rack/lock.rb:11:in `block in call'
    <internal:prelude>:8:in `synchronize'
    C:/Ruby191/lib/ruby/gems/1.9.1/gems/rack-1.1.0/lib/rack/lock.rb:11:in `call'
    C:/Ruby191/lib/ruby/gems/1.9.1/gems/actionpack-2.3.8/lib/action_controller/dispatcher.rb:114:in `block in call'
    C:/Ruby191/lib/ruby/gems/1.9.1/gems/actionpack-2.3.8/lib/action_controller/reloader.rb:34:in `run'
    C:/Ruby191/lib/ruby/gems/1.9.1/gems/actionpack-2.3.8/lib/action_controller/dispatcher.rb:108:in `call'
    C:/Ruby191/lib/ruby/gems/1.9.1/gems/rails-2.3.8/lib/rails/rack/static.rb:31:in `call'
    C:/Ruby191/lib/ruby/gems/1.9.1/gems/rack-1.1.0/lib/rack/urlmap.rb:47:in `block in call'
    C:/Ruby191/lib/ruby/gems/1.9.1/gems/rack-1.1.0/lib/rack/urlmap.rb:41:in `each'
    C:/Ruby191/lib/ruby/gems/1.9.1/gems/rack-1.1.0/lib/rack/urlmap.rb:41:in `call'
    C:/Ruby191/lib/ruby/gems/1.9.1/gems/rails-2.3.8/lib/rails/rack/log_tailer.rb:17:in `call'
    C:/Ruby191/lib/ruby/gems/1.9.1/gems/rack-1.1.0/lib/rack/content_length.rb:13:in `call'
    C:/Ruby191/lib/ruby/gems/1.9.1/gems/rack-1.1.0/lib/rack/handler/webrick.rb:48:in `service'
    C:/Ruby191/lib/ruby/1.9.1/webrick/httpserver.rb:111:in `service'
    C:/Ruby191/lib/ruby/1.9.1/webrick/httpserver.rb:70:in `run'
    C:/Ruby191/lib/ruby/1.9.1/webrick/server.rb:183:in `block in start_thread'


Processing ActionController::Base#create to json (for 127.0.0.1 at 2011-04-20 14:57:58) [GET]
  Parameters: {"id"=>"3"}

TypeError (wrong argument type Class (expected Module)):
  app/controllers/application_controller.rb:5:in `<class:ApplicationController>'
  app/controllers/application_controller.rb:4:in `<top (required)>'
  <internal:prelude>:8:in `synchronize'
  C:/Ruby191/lib/ruby/1.9.1/webrick/httpserver.rb:111:in `service'
  C:/Ruby191/lib/ruby/1.9.1/webrick/httpserver.rb:70:in `run'
  C:/Ruby191/lib/ruby/1.9.1/webrick/server.rb:183:in `block in start_thread'

Rendered rescues/_trace (41.0ms)
Rendered rescues/_request_and_response (2.0ms)
Rendering rescues/layout (internal_server_error)


Processing ActionController::Base#create to json (for 127.0.0.1 at 2011-04-20 14:59:30) [GET]
  Parameters: {"id"=>"3"}

TypeError (wrong argument type Class (expected Module)):
  app/controllers/application_controller.rb:5:in `<class:ApplicationController>'
  app/controllers/application_controller.rb:4:in `<top (required)>'
  <internal:prelude>:8:in `synchronize'
  C:/Ruby191/lib/ruby/1.9.1/webrick/httpserver.rb:111:in `service'
  C:/Ruby191/lib/ruby/1.9.1/webrick/httpserver.rb:70:in `run'
  C:/Ruby191/lib/ruby/1.9.1/webrick/server.rb:183:in `block in start_thread'

Rendered rescues/_trace (41.0ms)
Rendered rescues/_request_and_response (2.0ms)
Rendering rescues/layout (internal_server_error)


Processing ActionController::Base#create to html (for 127.0.0.1 at 2011-04-20 14:59:44) [GET]
  Parameters: {"id"=>"3"}

TypeError (wrong argument type Class (expected Module)):
  app/controllers/application_controller.rb:5:in `<class:ApplicationController>'
  app/controllers/application_controller.rb:4:in `<top (required)>'
  <internal:prelude>:8:in `synchronize'
  C:/Ruby191/lib/ruby/1.9.1/webrick/httpserver.rb:111:in `service'
  C:/Ruby191/lib/ruby/1.9.1/webrick/httpserver.rb:70:in `run'
  C:/Ruby191/lib/ruby/1.9.1/webrick/server.rb:183:in `block in start_thread'

Rendered rescues/_trace (63.0ms)
Rendered rescues/_request_and_response (0.0ms)
Rendering rescues/layout (internal_server_error)


Processing ApplicationController#create to html (for 127.0.0.1 at 2011-04-20 15:00:07) [GET]
  Parameters: {"id"=>"3"}

ActionView::MissingTemplate (Missing template application/new.erb in view path app/views):
  app/controllers/application_controller.rb:16:in `block (2 levels) in create'
  app/controllers/application_controller.rb:15:in `create'
  <internal:prelude>:8:in `synchronize'
  C:/Ruby191/lib/ruby/1.9.1/webrick/httpserver.rb:111:in `service'
  C:/Ruby191/lib/ruby/1.9.1/webrick/httpserver.rb:70:in `run'
  C:/Ruby191/lib/ruby/1.9.1/webrick/server.rb:183:in `block in start_thread'

Rendering rescues/layout (internal_server_error)


Processing ApplicationController#create to json (for 127.0.0.1 at 2011-04-20 15:00:12) [GET]
  Parameters: {"id"=>"3"}
Completed in 24ms (View: 1, DB: 0) | 200 OK [http://localhost/application/create/3.json]


Processing ApplicationController#create to xml (for 127.0.0.1 at 2011-04-20 15:00:20) [GET]
  Parameters: {"id"=>"3"}
Completed in 23ms (View: 1, DB: 0) | 200 OK [http://localhost/application/create/3.xml]


Processing ApplicationController#create to json (for 127.0.0.1 at 2011-04-20 15:00:27) [GET]
  Parameters: {"id"=>"3"}
Completed in 25ms (View: 1, DB: 0) | 200 OK [http://localhost/application/create/3.json]


Processing ApplicationController#create to json (for 127.0.0.1 at 2011-04-20 15:00:52) [GET]
  Parameters: {"id"=>"3"}
Completed in 23ms (View: 1, DB: 0) | 200 OK [http://localhost/application/create/3.json]


Processing ApplicationController#getjson to json (for 127.0.0.1 at 2011-04-20 15:03:08) [GET]
  Parameters: {"id"=>"3"}
Completed in 29ms (View: 1, DB: 0) | 200 OK [http://localhost/application/getjson/3.json]


Processing ApplicationController#getjson to json (for 127.0.0.1 at 2011-04-20 15:03:13) [GET]
  Parameters: {"id"=>"3"}
Completed in 22ms (View: 1, DB: 0) | 200 OK [http://localhost/application/getjson/3.json]


Processing ApplicationController#getjson to json (for 127.0.0.1 at 2011-04-20 15:06:03) [GET]
  Parameters: {"id"=>"3"}
Completed in 432ms (View: 1, DB: 0) | 200 OK [http://localhost/application/getjson/3.json]


Processing ApplicationController#getjson to json (for 127.0.0.1 at 2011-04-20 15:06:17) [GET]
  Parameters: {"id"=>"15"}
Completed in 416ms (View: 1, DB: 0) | 200 OK [http://localhost/application/getjson/15.json]


Processing ApplicationController#getjson to xml (for 127.0.0.1 at 2011-04-20 15:07:21) [GET]
  Parameters: {"id"=>"15"}
Completed in 428ms (View: 0, DB: 0) | 200 OK [http://localhost/application/getjson/15.xml]


Processing ApplicationController#getjson to xml (for 127.0.0.1 at 2011-04-20 15:07:28) [GET]
  Parameters: {"id"=>"15"}
Completed in 387ms (View: 1, DB: 0) | 200 OK [http://localhost/application/getjson/15.xml]


Processing ApplicationController#getjson to xml (for 127.0.0.1 at 2011-04-20 15:08:20) [GET]
  Parameters: {"id"=>"15"}
Completed in 443ms (View: 0, DB: 0) | 200 OK [http://localhost/application/getjson/15.xml]


Processing ApplicationController#getjson to xml (for 127.0.0.1 at 2011-04-20 15:08:26) [GET]
  Parameters: {"id"=>"15"}
Completed in 371ms (View: 0, DB: 0) | 200 OK [http://localhost/application/getjson/15.xml]


Processing ApplicationController#getjson to xml (for 127.0.0.1 at 2011-04-20 15:16:22) [GET]
  Parameters: {"id"=>"15"}
Completed in 395ms (View: 1, DB: 0) | 200 OK [http://localhost/application/getjson/15.xml]


Processing ApplicationController#index (for 127.0.0.1 at 2011-04-20 15:16:38) [GET]

ActionController::RoutingError (No route matches "/application/getmany.json" with {:method=>:get}):
  <internal:prelude>:8:in `synchronize'
  C:/Ruby191/lib/ruby/1.9.1/webrick/httpserver.rb:111:in `service'
  C:/Ruby191/lib/ruby/1.9.1/webrick/httpserver.rb:70:in `run'
  C:/Ruby191/lib/ruby/1.9.1/webrick/server.rb:183:in `block in start_thread'

Rendering rescues/layout (not_found)


Processing ApplicationController#getmany to json (for 127.0.0.1 at 2011-04-20 15:16:45) [GET]
  Parameters: {"id"=>"fdsa"}
Completed in 2ms (View: 1, DB: 0) | 200 OK [http://localhost/application/getmany/fdsa.json]


Processing ApplicationController#getmany to xml (for 127.0.0.1 at 2011-04-20 15:16:56) [GET]
  Parameters: {"id"=>"fdsa"}

RuntimeError (Not all elements respond to to_xml):
  app/controllers/application_controller.rb:29:in `block (2 levels) in getmany'
  app/controllers/application_controller.rb:28:in `getmany'
  <internal:prelude>:8:in `synchronize'
  C:/Ruby191/lib/ruby/1.9.1/webrick/httpserver.rb:111:in `service'
  C:/Ruby191/lib/ruby/1.9.1/webrick/httpserver.rb:70:in `run'
  C:/Ruby191/lib/ruby/1.9.1/webrick/server.rb:183:in `block in start_thread'

Rendered rescues/_trace (45.0ms)
Rendered rescues/_request_and_response (1.0ms)
Rendering rescues/layout (internal_server_error)


Processing ApplicationController#getmany (for 127.0.0.1 at 2011-04-20 15:19:39) [GET]
Completed in 2ms (View: 1, DB: 0) | 200 OK [http://localhost/application/getmany]


Processing ApplicationController#getjson to xml (for 127.0.0.1 at 2011-04-20 15:20:03) [GET]
  Parameters: {"id"=>"15"}
Completed in 661ms (View: 1, DB: 0) | 200 OK [http://localhost/application/getjson/15.xml]


Processing ApplicationController#getjson to xml (for 127.0.0.1 at 2011-04-20 15:20:21) [GET]
  Parameters: {"id"=>"15"}
Completed in 361ms (View: 1, DB: 0) | 200 OK [http://localhost/application/getjson/15.xml]
