

Processing BysykkelController#getjson to xml (for 127.0.0.1 at 2011-05-11 11:05:23) [GET]
  Parameters: {"id"=>"15"}
Completed in 81ms (View: 0, DB: 0) | 200 OK [http://localhost/bysykkel/getjson/15.xml]


Processing BysykkelController#getjson to json (for 127.0.0.1 at 2011-05-11 11:05:40) [GET]
  Parameters: {"id"=>"15"}
Completed in 48ms (View: 1, DB: 0) | 200 OK [http://localhost/bysykkel/getjson/15.json]


Processing BysykkelController#getjson to json (for 127.0.0.1 at 2011-05-11 11:16:39) [GET]
  Parameters: {"id"=>"15"}
Completed in 51ms (View: 1, DB: 0) | 200 OK [http://localhost/bysykkel/getjson/15.json]


Processing BysykkelController#getjson to json (for 127.0.0.1 at 2011-05-11 11:16:40) [GET]
  Parameters: {"id"=>"15"}
Completed in 48ms (View: 1, DB: 0) | 200 OK [http://localhost/bysykkel/getjson/15.json]


Processing BysykkelController#all (for 127.0.0.1 at 2011-05-12 13:45:04) [GET]
Completed in 7124ms (View: 12, DB: 0) | 200 OK [http://localhost/bysykkel/all]


Processing BysykkelController#all (for 127.0.0.1 at 2011-05-12 13:45:13) [GET]
Completed in 66ms (View: 12, DB: 0) | 200 OK [http://localhost/bysykkel/all]


Processing BysykkelController#all (for 127.0.0.1 at 2011-05-12 13:45:14) [GET]
Completed in 74ms (View: 10, DB: 0) | 200 OK [http://localhost/bysykkel/all]


Processing BysykkelController#all (for 127.0.0.1 at 2011-05-12 13:45:15) [GET]
Completed in 77ms (View: 12, DB: 0) | 200 OK [http://localhost/bysykkel/all]


Processing BysykkelController#station to json (for 127.0.0.1 at 2011-05-12 13:50:59) [GET]
  Parameters: {"id"=>"4"}
Completed in 101ms (View: 1, DB: 0) | 200 OK [http://localhost/bysykkel/station/4.json]


Processing BysykkelController#station to json (for 127.0.0.1 at 2011-05-12 13:51:01) [GET]
  Parameters: {"id"=>"4"}
Completed in 1ms (View: 1, DB: 0) | 200 OK [http://localhost/bysykkel/station/4.json]


Processing BysykkelController#station to json (for 127.0.0.1 at 2011-05-12 13:51:05) [GET]
  Parameters: {"id"=>"4"}
Completed in 1ms (View: 0, DB: 0) | 200 OK [http://localhost/bysykkel/station/4.json]


Processing BysykkelController#station to json (for 127.0.0.1 at 2011-05-12 13:53:13) [GET]
  Parameters: {"id"=>"4"}
Completed in 56ms (View: 1, DB: 0) | 200 OK [http://localhost/bysykkel/station/4.json]


Processing BysykkelController#station to json (for 127.0.0.1 at 2011-05-12 13:53:16) [GET]
  Parameters: {"id"=>"4"}
Completed in 41ms (View: 0, DB: 0) | 200 OK [http://localhost/bysykkel/station/4.json]


Processing BysykkelController#station to json (for 127.0.0.1 at 2011-05-12 13:53:19) [GET]
  Parameters: {"id"=>"4"}
Completed in 42ms (View: 1, DB: 0) | 200 OK [http://localhost/bysykkel/station/4.json]


Processing BysykkelController#station to json (for 127.0.0.1 at 2011-05-12 13:53:20) [GET]
  Parameters: {"id"=>"4"}
Completed in 42ms (View: 0, DB: 0) | 200 OK [http://localhost/bysykkel/station/4.json]


Processing BysykkelController#station to json (for 127.0.0.1 at 2011-05-12 14:22:20) [GET]
  Parameters: {"id"=>"4"}
Completed in 55ms (View: 1, DB: 0) | 200 OK [http://localhost/bysykkel/station/4.json]


Processing BysykkelController#station to json (for 127.0.0.1 at 2011-05-12 14:27:06) [GET]
  Parameters: {"id"=>"4"}
localhost:11211 failed (count: 0)
localhost:11211 failed (count: 1)
localhost:11211 is down
DalliError: No server available
DalliError: No server available
Completed in 1072ms (View: 1, DB: 0) | 200 OK [http://localhost/bysykkel/station/4.json]


Processing BysykkelController#station to json (for 127.0.0.1 at 2011-05-12 14:27:09) [GET]
  Parameters: {"id"=>"4"}
localhost:11211 failed (count: 2)
DalliError: No server available
DalliError: No server available
Completed in 554ms (View: 1, DB: 0) | 200 OK [http://localhost/bysykkel/station/4.json]


Processing BysykkelController#station to json (for 127.0.0.1 at 2011-05-12 14:33:43) [GET]
  Parameters: {"id"=>"4"}
localhost:11211 failed (count: 3)
DalliError: No server available
DalliError: No server available
Completed in 574ms (View: 0, DB: 0) | 200 OK [http://localhost/bysykkel/station/4.json]


Processing BysykkelController#all (for 127.0.0.1 at 2011-05-12 14:35:12) [GET]
localhost:11211 failed (count: 4)
DalliError: No server available
localhost:11211 failed (count: 5)
DalliError: No server available
Completed in 8756ms (View: 12, DB: 0) | 200 OK [http://localhost/bysykkel/all]


Processing BysykkelController#all (for 127.0.0.1 at 2011-05-12 14:35:22) [GET]
localhost:11211 failed (count: 6)
DalliError: No server available
localhost:11211 failed (count: 7)
DalliError: No server available
Completed in 7917ms (View: 12, DB: 0) | 200 OK [http://localhost/bysykkel/all]


Processing BysykkelController#station to json (for 127.0.0.1 at 2011-05-12 14:52:35) [GET]
  Parameters: {"id"=>"4"}
localhost:11211 failed (count: 0)
localhost:11211 failed (count: 1)
localhost:11211 is down
DalliError: No server available
DalliError: No server available
Completed in 1397ms (View: 1, DB: 0) | 200 OK [http://localhost/bysykkel/station/4.json]


Processing BysykkelController#station to json (for 127.0.0.1 at 2011-05-12 14:53:34) [GET]
  Parameters: {"id"=>"4"}
localhost:11211 failed (count: 0)
localhost:11211 failed (count: 1)
localhost:11211 is down
DalliError: No server available
DalliError: No server available
Completed in 1080ms (View: 0, DB: 0) | 200 OK [http://localhost/bysykkel/station/4.json]
Session::DalliStore#get: Response error 32: Authentication required
mc2.ec2.northscale.net:11211 failed (count: 0)
mc2.ec2.northscale.net:11211 failed (count: 1)
mc2.ec2.northscale.net:11211 is down
Session::DalliStore#set: No server available


Processing BysykkelController#station to json (for 127.0.0.1 at 2011-05-12 14:53:39) [GET]
  Parameters: {"id"=>"4"}
localhost:11211 failed (count: 2)
DalliError: No server available
DalliError: No server available
Completed in 546ms (View: 0, DB: 0) | 200 OK [http://localhost/bysykkel/station/4.json]
mc2.ec2.northscale.net:11211 is back (downtime was 2.930 seconds)
Session::DalliStore#get: Response error 32: Authentication required
mc2.ec2.northscale.net:11211 failed (count: 0)
mc2.ec2.northscale.net:11211 failed (count: 1)
mc2.ec2.northscale.net:11211 is down
Session::DalliStore#set: No server available


Processing BysykkelController#station to json (for 127.0.0.1 at 2011-05-12 14:53:48) [GET]
  Parameters: {"id"=>"2"}
localhost:11211 failed (count: 3)
DalliError: No server available
DalliError: No server available
Completed in 546ms (View: 1, DB: 0) | 200 OK [http://localhost/bysykkel/station/2.json]
